<?xml version="1.0" encoding="UTF-8"?>
<testsuite xmlns:xsi="http://www.w3.org/2001/XMLSchema-instance" xsi:noNamespaceSchemaLocation="https://maven.apache.org/surefire/maven-surefire-plugin/xsd/surefire-test-report-3.0.xsd" version="3.0" name="de.tum.in.test.integration.ThreadTest" time="1.63" tests="8" errors="0" skipped="1" failures="0">
  <properties>
    <property name="java.specification.version" value="17"/>
    <property name="sun.jnu.encoding" value="UTF-8"/>
    <property name="java.class.path" value="/Users/markuspaulsen/Documents/UniPHD/ChristianFemers/GIT/target/test-classes:/Users/markuspaulsen/Documents/UniPHD/ChristianFemers/GIT/target/classes:/Users/markuspaulsen/.m2/repository/ch/qos/logback/logback-classic/1.4.5/logback-classic-1.4.5.jar:/Users/markuspaulsen/.m2/repository/ch/qos/logback/logback-core/1.4.5/logback-core-1.4.5.jar:/Users/markuspaulsen/.m2/repository/org/slf4j/slf4j-api/2.0.4/slf4j-api-2.0.4.jar:/Users/markuspaulsen/.m2/repository/org/junit/jupiter/junit-jupiter-api/5.9.2/junit-jupiter-api-5.9.2.jar:/Users/markuspaulsen/.m2/repository/org/opentest4j/opentest4j/1.2.0/opentest4j-1.2.0.jar:/Users/markuspaulsen/.m2/repository/org/junit/platform/junit-platform-commons/1.9.2/junit-platform-commons-1.9.2.jar:/Users/markuspaulsen/.m2/repository/org/apiguardian/apiguardian-api/1.1.2/apiguardian-api-1.1.2.jar:/Users/markuspaulsen/.m2/repository/org/junit/platform/junit-platform-launcher/1.9.2/junit-platform-launcher-1.9.2.jar:/Users/markuspaulsen/.m2/repository/org/junit/platform/junit-platform-engine/1.9.2/junit-platform-engine-1.9.2.jar:/Users/markuspaulsen/.m2/repository/org/junit/jupiter/junit-jupiter-engine/5.9.2/junit-jupiter-engine-5.9.2.jar:/Users/markuspaulsen/.m2/repository/org/junit/jupiter/junit-jupiter-params/5.9.2/junit-jupiter-params-5.9.2.jar:/Users/markuspaulsen/.m2/repository/org/junit/vintage/junit-vintage-engine/5.9.2/junit-vintage-engine-5.9.2.jar:/Users/markuspaulsen/.m2/repository/junit/junit/4.13.2/junit-4.13.2.jar:/Users/markuspaulsen/.m2/repository/org/hamcrest/hamcrest-core/1.3/hamcrest-core-1.3.jar:/Users/markuspaulsen/.m2/repository/org/hamcrest/hamcrest/2.2/hamcrest-2.2.jar:/Users/markuspaulsen/.m2/repository/org/assertj/assertj-core/3.24.1/assertj-core-3.24.1.jar:/Users/markuspaulsen/.m2/repository/net/bytebuddy/byte-buddy/1.12.21/byte-buddy-1.12.21.jar:/Users/markuspaulsen/.m2/repository/org/json/json/20220924/json-20220924.jar:/Users/markuspaulsen/.m2/repository/info/debatty/java-string-similarity/2.0.0/java-string-similarity-2.0.0.jar:/Users/markuspaulsen/.m2/repository/net/jcip/jcip-annotations/1.0/jcip-annotations-1.0.jar:/Users/markuspaulsen/.m2/repository/com/github/javaparser/javaparser-core/3.24.10/javaparser-core-3.24.10.jar:/Users/markuspaulsen/.m2/repository/org/junit/platform/junit-platform-testkit/1.9.2/junit-platform-testkit-1.9.2.jar:/Users/markuspaulsen/.m2/repository/net/jqwik/jqwik/1.7.1/jqwik-1.7.1.jar:/Users/markuspaulsen/.m2/repository/net/jqwik/jqwik-api/1.7.1/jqwik-api-1.7.1.jar:/Users/markuspaulsen/.m2/repository/net/jqwik/jqwik-web/1.7.1/jqwik-web-1.7.1.jar:/Users/markuspaulsen/.m2/repository/net/jqwik/jqwik-time/1.7.1/jqwik-time-1.7.1.jar:/Users/markuspaulsen/.m2/repository/net/jqwik/jqwik-engine/1.7.1/jqwik-engine-1.7.1.jar:"/>
    <property name="java.vm.vendor" value="Amazon.com Inc."/>
    <property name="sun.arch.data.model" value="64"/>
    <property name="java.vendor.url" value="https://aws.amazon.com/corretto/"/>
    <property name="user.timezone" value="Europe/Berlin"/>
    <property name="os.name" value="Mac OS X"/>
    <property name="java.vm.specification.version" value="17"/>
    <property name="sun.java.launcher" value="SUN_STANDARD"/>
    <property name="user.country" value="DE"/>
    <property name="sun.boot.library.path" value="/Users/markuspaulsen/Library/Java/JavaVirtualMachines/corretto-17.0.3/Contents/Home/lib"/>
    <property name="sun.java.command" value="/Users/markuspaulsen/Documents/UniPHD/ChristianFemers/GIT/target/surefire/surefirebooter-20230215165707290_3.jar /Users/markuspaulsen/Documents/UniPHD/ChristianFemers/GIT/target/surefire 2023-02-15T16-57-06_749-jvmRun1 surefire-20230215165707290_1tmp surefire_0-20230215165707290_2tmp"/>
    <property name="jdk.debug" value="release"/>
    <property name="surefire.test.class.path" value="/Users/markuspaulsen/Documents/UniPHD/ChristianFemers/GIT/target/test-classes:/Users/markuspaulsen/Documents/UniPHD/ChristianFemers/GIT/target/classes:/Users/markuspaulsen/.m2/repository/ch/qos/logback/logback-classic/1.4.5/logback-classic-1.4.5.jar:/Users/markuspaulsen/.m2/repository/ch/qos/logback/logback-core/1.4.5/logback-core-1.4.5.jar:/Users/markuspaulsen/.m2/repository/org/slf4j/slf4j-api/2.0.4/slf4j-api-2.0.4.jar:/Users/markuspaulsen/.m2/repository/org/junit/jupiter/junit-jupiter-api/5.9.2/junit-jupiter-api-5.9.2.jar:/Users/markuspaulsen/.m2/repository/org/opentest4j/opentest4j/1.2.0/opentest4j-1.2.0.jar:/Users/markuspaulsen/.m2/repository/org/junit/platform/junit-platform-commons/1.9.2/junit-platform-commons-1.9.2.jar:/Users/markuspaulsen/.m2/repository/org/apiguardian/apiguardian-api/1.1.2/apiguardian-api-1.1.2.jar:/Users/markuspaulsen/.m2/repository/org/junit/platform/junit-platform-launcher/1.9.2/junit-platform-launcher-1.9.2.jar:/Users/markuspaulsen/.m2/repository/org/junit/platform/junit-platform-engine/1.9.2/junit-platform-engine-1.9.2.jar:/Users/markuspaulsen/.m2/repository/org/junit/jupiter/junit-jupiter-engine/5.9.2/junit-jupiter-engine-5.9.2.jar:/Users/markuspaulsen/.m2/repository/org/junit/jupiter/junit-jupiter-params/5.9.2/junit-jupiter-params-5.9.2.jar:/Users/markuspaulsen/.m2/repository/org/junit/vintage/junit-vintage-engine/5.9.2/junit-vintage-engine-5.9.2.jar:/Users/markuspaulsen/.m2/repository/junit/junit/4.13.2/junit-4.13.2.jar:/Users/markuspaulsen/.m2/repository/org/hamcrest/hamcrest-core/1.3/hamcrest-core-1.3.jar:/Users/markuspaulsen/.m2/repository/org/hamcrest/hamcrest/2.2/hamcrest-2.2.jar:/Users/markuspaulsen/.m2/repository/org/assertj/assertj-core/3.24.1/assertj-core-3.24.1.jar:/Users/markuspaulsen/.m2/repository/net/bytebuddy/byte-buddy/1.12.21/byte-buddy-1.12.21.jar:/Users/markuspaulsen/.m2/repository/org/json/json/20220924/json-20220924.jar:/Users/markuspaulsen/.m2/repository/info/debatty/java-string-similarity/2.0.0/java-string-similarity-2.0.0.jar:/Users/markuspaulsen/.m2/repository/net/jcip/jcip-annotations/1.0/jcip-annotations-1.0.jar:/Users/markuspaulsen/.m2/repository/com/github/javaparser/javaparser-core/3.24.10/javaparser-core-3.24.10.jar:/Users/markuspaulsen/.m2/repository/org/junit/platform/junit-platform-testkit/1.9.2/junit-platform-testkit-1.9.2.jar:/Users/markuspaulsen/.m2/repository/net/jqwik/jqwik/1.7.1/jqwik-1.7.1.jar:/Users/markuspaulsen/.m2/repository/net/jqwik/jqwik-api/1.7.1/jqwik-api-1.7.1.jar:/Users/markuspaulsen/.m2/repository/net/jqwik/jqwik-web/1.7.1/jqwik-web-1.7.1.jar:/Users/markuspaulsen/.m2/repository/net/jqwik/jqwik-time/1.7.1/jqwik-time-1.7.1.jar:/Users/markuspaulsen/.m2/repository/net/jqwik/jqwik-engine/1.7.1/jqwik-engine-1.7.1.jar:"/>
    <property name="sun.cpu.endian" value="little"/>
    <property name="user.home" value="/Users/markuspaulsen"/>
    <property name="user.language" value="de"/>
    <property name="java.specification.vendor" value="Oracle Corporation"/>
    <property name="java.version.date" value="2022-04-19"/>
    <property name="java.home" value="/Users/markuspaulsen/Library/Java/JavaVirtualMachines/corretto-17.0.3/Contents/Home"/>
    <property name="file.separator" value="/"/>
    <property name="basedir" value="/Users/markuspaulsen/Documents/UniPHD/ChristianFemers/GIT"/>
    <property name="java.vm.compressedOopsMode" value="Zero based"/>
    <property name="line.separator" value="&#10;"/>
    <property name="java.vm.specification.vendor" value="Oracle Corporation"/>
    <property name="java.specification.name" value="Java Platform API Specification"/>
    <property name="surefire.real.class.path" value="/Users/markuspaulsen/Documents/UniPHD/ChristianFemers/GIT/target/surefire/surefirebooter-20230215165707290_3.jar"/>
    <property name="sun.management.compiler" value="HotSpot 64-Bit Tiered Compilers"/>
    <property name="java.runtime.version" value="17.0.3+6-LTS"/>
    <property name="user.name" value="markuspaulsen"/>
    <property name="path.separator" value=":"/>
    <property name="os.version" value="12.6.3"/>
    <property name="java.runtime.name" value="OpenJDK Runtime Environment"/>
    <property name="file.encoding" value="UTF-8"/>
    <property name="java.vm.name" value="OpenJDK 64-Bit Server VM"/>
    <property name="java.vendor.version" value="Corretto-17.0.3.6.1"/>
    <property name="localRepository" value="/Users/markuspaulsen/.m2/repository"/>
    <property name="java.vendor.url.bug" value="https://github.com/corretto/corretto-17/issues/"/>
    <property name="java.io.tmpdir" value="/var/folders/06/zkny378x76z6fr1t669ntwm80000gn/T/"/>
    <property name="idea.version" value="2022.2.4"/>
    <property name="java.version" value="17.0.3"/>
    <property name="user.dir" value="/Users/markuspaulsen/Documents/UniPHD/ChristianFemers/GIT"/>
    <property name="os.arch" value="x86_64"/>
    <property name="java.vm.specification.name" value="Java Virtual Machine Specification"/>
    <property name="native.encoding" value="UTF-8"/>
    <property name="java.library.path" value="/Users/markuspaulsen/Library/Java/Extensions:/Library/Java/Extensions:/Network/Library/Java/Extensions:/System/Library/Java/Extensions:/usr/lib/java:."/>
    <property name="java.vm.info" value="mixed mode, sharing"/>
    <property name="java.vendor" value="Amazon.com Inc."/>
    <property name="java.vm.version" value="17.0.3+6-LTS"/>
    <property name="sun.io.unicode.encoding" value="UnicodeBig"/>
    <property name="java.class.version" value="61.0"/>
  </properties>
  <testcase name="test_commonPoolInterruptable" classname="de.tum.in.test.integration.ThreadTest" time="0.004">
    <system-out><![CDATA[Thread[Reference Handler,10,system]
Thread[Finalizer,8,system]
Thread[Signal Dispatcher,9,system]
Thread[Notification Thread,9,system]
Thread[main,5,main]
Thread[surefire-forkedjvm-stream-flusher,5,main]
Thread[surefire-forkedjvm-command-thread,5,main]
Thread[ForkJoinPool.commonPool-worker-1,5,main]
Thread[ForkJoinPool.commonPool-worker-2,5,main]
Thread[ForkJoinPool.commonPool-worker-3,5,main]
Thread[ForkJoinPool.commonPool-worker-4,5,main]
Thread[ForkJoinPool.commonPool-worker-5,5,main]
Thread[ForkJoinPool.commonPool-worker-6,5,main]
Thread[ForkJoinPool.commonPool-worker-7,5,main]
Thread[ajts-to-401,5,main]
Thread[ajts-to-407,5,main]
Thread[Common-Cleaner,8,InnocuousThreadGroup]
]]></system-out>
    <system-err><![CDATA[[DEBUG] [main] Validated build configuration regarding trusted package rules, 0 are missing.
[INFO] [main] Request install with ASC-Impl [testMethod=Optional.empty, executionPath=/Users/markuspaulsen/Documents/UniPHD/ChristianFemers/GIT, whitelistedPaths=Optional[[PathRule["{target,build}/**" (GLOB) in WHITELIST; level READ]]], blacklistedPaths=[PathRule["**Test*.{java,class}" (GLOB) in BLACKLIST; level READ]], allowedLocalPorts=[], trustedPackages=[]]
[INFO] [main] Request whitelisting: Thread[ajts-to-520,5,Test-Threadgroup] []
[INFO] [main] Thread whitelisted: Thread[ajts-to-520,5,Test-Threadgroup]
[INFO] [main] Request uninstall
[DEBUG] [main] Validated build configuration regarding trusted package rules, 0 are missing.
[INFO] [main] Request install with ASC-Impl [testMethod=Optional[void de.tum.in.test.integration.testuser.ThreadUser.commonPoolInterruptable() throws java.lang.InterruptedException,java.util.concurrent.ExecutionException], executionPath=/Users/markuspaulsen/Documents/UniPHD/ChristianFemers/GIT, whitelistedPaths=Optional[[PathRule["{target,build}/**" (GLOB) in WHITELIST; level READ]]], blacklistedPaths=[PathRule["**Test*.{java,class}" (GLOB) in BLACKLIST; level READ]], allowedLocalPorts=[], trustedPackages=[]]
[INFO] [main] Request whitelisting: Thread[ajts-to-521,5,Test-Threadgroup] []
[INFO] [main] Thread whitelisted: Thread[ajts-to-521,5,Test-Threadgroup]
[INFO] [main] Request uninstall
[DEBUG] [main] State RUNNABLE after interrupt and join of Thread[ajts-to-521,5,Test-Threadgroup]
[DEBUG] [main] Try 1 to stop Thread[ajts-to-521,5,Test-Threadgroup], state: RUNNABLE
[DEBUG] [main] Common pool is active: true with number 1 workers
[INFO] [main] Try interrupt common pool
[INFO] [main] Interrupting non-whitelsited code executing common pool worker: Thread[ForkJoinPool.commonPool-worker-3,5,main]
[DEBUG] [main] Validated build configuration regarding trusted package rules, 0 are missing.
[INFO] [main] Request install with ASC-Impl [testMethod=Optional.empty, executionPath=/Users/markuspaulsen/Documents/UniPHD/ChristianFemers/GIT, whitelistedPaths=Optional[[PathRule["{target,build}/**" (GLOB) in WHITELIST; level READ]]], blacklistedPaths=[PathRule["**Test*.{java,class}" (GLOB) in BLACKLIST; level READ]], allowedLocalPorts=[], trustedPackages=[]]
[INFO] [main] Request whitelisting: Thread[ajts-to-522,5,Test-Threadgroup] []
[INFO] [main] Thread whitelisted: Thread[ajts-to-522,5,Test-Threadgroup]
[INFO] [main] Request uninstall
[DEBUG] [main] Validated build configuration regarding trusted package rules, 0 are missing.
[INFO] [main] Request install with ASC-Impl [testMethod=Optional.empty, executionPath=/Users/markuspaulsen/Documents/UniPHD/ChristianFemers/GIT, whitelistedPaths=Optional[[PathRule["{target,build}/**" (GLOB) in WHITELIST; level READ]]], blacklistedPaths=[PathRule["**Test*.{java,class}" (GLOB) in BLACKLIST; level READ]], allowedLocalPorts=[], trustedPackages=[]]
[INFO] [main] Request whitelisting: Thread[ajts-to-523,5,Test-Threadgroup] []
[INFO] [main] Thread whitelisted: Thread[ajts-to-523,5,Test-Threadgroup]
[INFO] [main] Request uninstall
[DEBUG] [main] Validated build configuration regarding trusted package rules, 0 are missing.
[INFO] [main] Request install with ASC-Impl [testMethod=Optional[void de.tum.in.test.integration.testuser.ThreadUser.testThreadExtension() throws java.lang.Throwable], executionPath=/Users/markuspaulsen/Documents/UniPHD/ChristianFemers/GIT, whitelistedPaths=Optional[[PathRule["{target,build}/**" (GLOB) in WHITELIST; level READ]]], blacklistedPaths=[PathRule["**Test*.{java,class}" (GLOB) in BLACKLIST; level READ]], allowedLocalPorts=[], trustedPackages=[]]
[INFO] [main] Request whitelisting: Thread[ajts-to-524,5,Test-Threadgroup] []
[INFO] [main] Thread whitelisted: Thread[ajts-to-524,5,Test-Threadgroup]
[INFO] [main] Request uninstall
[DEBUG] [main] Validated build configuration regarding trusted package rules, 0 are missing.
[INFO] [main] Request install with ASC-Impl [testMethod=Optional.empty, executionPath=/Users/markuspaulsen/Documents/UniPHD/ChristianFemers/GIT, whitelistedPaths=Optional[[PathRule["{target,build}/**" (GLOB) in WHITELIST; level READ]]], blacklistedPaths=[PathRule["**Test*.{java,class}" (GLOB) in BLACKLIST; level READ]], allowedLocalPorts=[], trustedPackages=[]]
[INFO] [main] Request whitelisting: Thread[ajts-to-525,5,Test-Threadgroup] []
[INFO] [main] Thread whitelisted: Thread[ajts-to-525,5,Test-Threadgroup]
[INFO] [main] Request uninstall
[DEBUG] [main] Validated build configuration regarding trusted package rules, 0 are missing.
[INFO] [main] Request install with ASC-Impl [testMethod=Optional[void de.tum.in.test.integration.testuser.ThreadUser.testThreadGroup()], executionPath=/Users/markuspaulsen/Documents/UniPHD/ChristianFemers/GIT, whitelistedPaths=Optional[[PathRule["{target,build}/**" (GLOB) in WHITELIST; level READ]]], blacklistedPaths=[PathRule["**Test*.{java,class}" (GLOB) in BLACKLIST; level READ]], allowedLocalPorts=[], trustedPackages=[]]
[INFO] [main] Request whitelisting: Thread[ajts-to-526,5,Test-Threadgroup] []
[INFO] [main] Thread whitelisted: Thread[ajts-to-526,5,Test-Threadgroup]
[WARN] [ajts-to-526] NWSFs ==> [de.tum.in.test.integration.testuser.subject.ThreadPenguin.tryBreakThreadGroup(ThreadPenguin.java:42)]
[INFO] [main] Request uninstall
[DEBUG] [main] Validated build configuration regarding trusted package rules, 0 are missing.
[INFO] [main] Request install with ASC-Impl [testMethod=Optional.empty, executionPath=/Users/markuspaulsen/Documents/UniPHD/ChristianFemers/GIT, whitelistedPaths=Optional[[PathRule["{target,build}/**" (GLOB) in WHITELIST; level READ]]], blacklistedPaths=[PathRule["**Test*.{java,class}" (GLOB) in BLACKLIST; level READ]], allowedLocalPorts=[], trustedPackages=[]]
[INFO] [main] Request whitelisting: Thread[ajts-to-527,5,Test-Threadgroup] []
[INFO] [main] Thread whitelisted: Thread[ajts-to-527,5,Test-Threadgroup]
[INFO] [main] Request uninstall
[DEBUG] [main] Validated build configuration regarding trusted package rules, 0 are missing.
[INFO] [main] Request install with ASC-Impl [testMethod=Optional[void de.tum.in.test.integration.testuser.ThreadUser.threadLimitExceeded() throws java.lang.Throwable], executionPath=/Users/markuspaulsen/Documents/UniPHD/ChristianFemers/GIT, whitelistedPaths=Optional[[PathRule["{target,build}/**" (GLOB) in WHITELIST; level READ]]], blacklistedPaths=[PathRule["**Test*.{java,class}" (GLOB) in BLACKLIST; level READ]], allowedLocalPorts=[], trustedPackages=[]]
[INFO] [main] Request whitelisting: Thread[ajts-to-528,5,Test-Threadgroup] []
[INFO] [main] Thread whitelisted: Thread[ajts-to-528,5,Test-Threadgroup]
[WARN] [ajts-to-528] NWSFs ==> [de.tum.in.test.integration.testuser.subject.ThreadPenguin.tryStartTwoThreads(ThreadPenguin.java:36)]
[INFO] [main] Request uninstall
[DEBUG] [main] State TERMINATED after interrupt and join of Thread[Thread-2,5,]
[DEBUG] [main] Validated build configuration regarding trusted package rules, 0 are missing.
[INFO] [main] Request install with ASC-Impl [testMethod=Optional.empty, executionPath=/Users/markuspaulsen/Documents/UniPHD/ChristianFemers/GIT, whitelistedPaths=Optional[[PathRule["{target,build}/**" (GLOB) in WHITELIST; level READ]]], blacklistedPaths=[PathRule["**Test*.{java,class}" (GLOB) in BLACKLIST; level READ]], allowedLocalPorts=[], trustedPackages=[]]
[INFO] [main] Request whitelisting: Thread[ajts-to-529,5,Test-Threadgroup] []
[INFO] [main] Thread whitelisted: Thread[ajts-to-529,5,Test-Threadgroup]
[INFO] [main] Request uninstall
[DEBUG] [main] Validated build configuration regarding trusted package rules, 0 are missing.
[INFO] [main] Request install with ASC-Impl [testMethod=Optional[void de.tum.in.test.integration.testuser.ThreadUser.threadWhitelistingWithPathCorrect() throws java.lang.Throwable], executionPath=/Users/markuspaulsen/Documents/UniPHD/ChristianFemers/GIT, whitelistedPaths=Optional[[PathRule["{target,build}/**" (GLOB) in WHITELIST; level READ]]], blacklistedPaths=[PathRule["**Test*.{java,class}" (GLOB) in BLACKLIST; level READ]], allowedLocalPorts=[], trustedPackages=[]]
[INFO] [main] Request whitelisting: Thread[ajts-to-530,5,Test-Threadgroup] []
[INFO] [main] Thread whitelisted: Thread[ajts-to-530,5,Test-Threadgroup]
[INFO] [ajts-to-530] Request whitelisting: Thread[Thread-4,5,Test-Threadgroup] [Thread[ajts-to-530,5,Test-Threadgroup]]
[INFO] [ajts-to-530] Thread whitelisted: Thread[Thread-4,5,Test-Threadgroup]
[INFO] [main] Request uninstall
[DEBUG] [main] Validated build configuration regarding trusted package rules, 0 are missing.
[INFO] [main] Request install with ASC-Impl [testMethod=Optional.empty, executionPath=/Users/markuspaulsen/Documents/UniPHD/ChristianFemers/GIT, whitelistedPaths=Optional[[PathRule["{target,build}/**" (GLOB) in WHITELIST; level READ]]], blacklistedPaths=[PathRule["**Test*.{java,class}" (GLOB) in BLACKLIST; level READ]], allowedLocalPorts=[], trustedPackages=[]]
[INFO] [main] Request whitelisting: Thread[ajts-to-531,5,Test-Threadgroup] []
[INFO] [main] Thread whitelisted: Thread[ajts-to-531,5,Test-Threadgroup]
[INFO] [main] Request uninstall
[DEBUG] [main] Validated build configuration regarding trusted package rules, 0 are missing.
[INFO] [main] Request install with ASC-Impl [testMethod=Optional[void de.tum.in.test.integration.testuser.ThreadUser.threadWhitelistingWithPathFail() throws java.lang.Throwable], executionPath=/Users/markuspaulsen/Documents/UniPHD/ChristianFemers/GIT, whitelistedPaths=Optional[[PathRule["{target,build}/**" (GLOB) in WHITELIST; level READ]]], blacklistedPaths=[PathRule["**Test*.{java,class}" (GLOB) in BLACKLIST; level READ]], allowedLocalPorts=[], trustedPackages=[]]
[INFO] [main] Request whitelisting: Thread[ajts-to-532,5,Test-Threadgroup] []
[INFO] [main] Thread whitelisted: Thread[ajts-to-532,5,Test-Threadgroup]
[WARN] [Thread-5] NWSFs ==> [de.tum.in.test.api.security.ArtemisSecurityManager.getNonWhitelistedStackFrames(ArtemisSecurityManager.java:488), de.tum.in.test.api.security.ArtemisSecurityManager.getNonWhitelistedStackFrames(ArtemisSecurityManager.java:479), de.tum.in.test.api.security.ArtemisSecurityManager.checkForNonWhitelistedStackFrames(ArtemisSecurityManager.java:456), de.tum.in.test.api.security.ArtemisSecurityManager.checkPathAccess(ArtemisSecurityManager.java:382), de.tum.in.test.api.security.ArtemisSecurityManager.checkPermission(ArtemisSecurityManager.java:340), java.base/java.lang.SecurityManager.checkWrite(SecurityManager.java:847), java.base/java.io.File.canWrite(File.java:805), de.tum.in.test.integration.testuser.ThreadUser.lambda$threadWhitelistingWithPathFail$4(ThreadUser.java:85), java.base/java.lang.Thread.run(Thread.java:833)]
[WARN] [Thread-5] BAD PATH ACCESS: pom.xml (BL:false, WL:false)
[INFO] [main] Request uninstall
[DEBUG] [main] Validated build configuration regarding trusted package rules, 0 are missing.
[INFO] [main] Request install with ASC-Impl [testMethod=Optional.empty, executionPath=/Users/markuspaulsen/Documents/UniPHD/ChristianFemers/GIT, whitelistedPaths=Optional[[PathRule["{target,build}/**" (GLOB) in WHITELIST; level READ]]], blacklistedPaths=[PathRule["**Test*.{java,class}" (GLOB) in BLACKLIST; level READ]], allowedLocalPorts=[], trustedPackages=[]]
[INFO] [main] Request whitelisting: Thread[ajts-to-533,5,Test-Threadgroup] []
[INFO] [main] Thread whitelisted: Thread[ajts-to-533,5,Test-Threadgroup]
[INFO] [main] Request uninstall
[DEBUG] [main] Validated build configuration regarding trusted package rules, 0 are missing.
[INFO] [main] Request install with ASC-Impl [testMethod=Optional[void de.tum.in.test.integration.testuser.ThreadUser.threadWhitelistingWithPathPenguin() throws java.lang.Throwable], executionPath=/Users/markuspaulsen/Documents/UniPHD/ChristianFemers/GIT, whitelistedPaths=Optional[[PathRule["{target,build}/**" (GLOB) in WHITELIST; level READ]]], blacklistedPaths=[PathRule["**Test*.{java,class}" (GLOB) in BLACKLIST; level READ]], allowedLocalPorts=[], trustedPackages=[]]
[INFO] [main] Request whitelisting: Thread[ajts-to-534,5,Test-Threadgroup] []
[INFO] [main] Thread whitelisted: Thread[ajts-to-534,5,Test-Threadgroup]
[INFO] [ajts-to-534] Request whitelisting: Thread[Thread-6,5,Test-Threadgroup] [Thread[ajts-to-534,5,Test-Threadgroup]]
[INFO] [ajts-to-534] Thread whitelisted: Thread[Thread-6,5,Test-Threadgroup]
[WARN] [Thread-6] NWSFs ==> [de.tum.in.test.integration.testuser.subject.ThreadPenguin.lambda$tryThreadWhitelisting$3(ThreadPenguin.java:66)]
[WARN] [Thread-6] BAD PATH ACCESS: pom.xml (BL:false, WL:false)
[INFO] [main] Request uninstall
]]></system-err>
  </testcase>
  <testcase name="test_testThreadBomb" classname="de.tum.in.test.integration.ThreadTest" time="0">
    <skipped message="Currently unused because this is very inconsistent depending on the CI environment"/>
  </testcase>
  <testcase name="test_testThreadExtension" classname="de.tum.in.test.integration.ThreadTest" time="0.003"/>
  <testcase name="test_testThreadGroup" classname="de.tum.in.test.integration.ThreadTest" time="0.001"/>
  <testcase name="test_threadLimitExceeded" classname="de.tum.in.test.integration.ThreadTest" time="0.001"/>
  <testcase name="test_threadWhitelistingWithPathCorrect" classname="de.tum.in.test.integration.ThreadTest" time="0.001"/>
  <testcase name="test_threadWhitelistingWithPathFail" classname="de.tum.in.test.integration.ThreadTest" time="0.001"/>
  <testcase name="test_threadWhitelistingWithPathPenguin" classname="de.tum.in.test.integration.ThreadTest" time="0.001"/>
</testsuite>