<?xml version="1.0" encoding="UTF-8"?>
<testsuite xmlns:xsi="http://www.w3.org/2001/XMLSchema-instance" xsi:noNamespaceSchemaLocation="https://maven.apache.org/surefire/maven-surefire-plugin/xsd/surefire-test-report-3.0.xsd" version="3.0" name="de.tum.in.test.integration.SecurityTest" time="2.392" tests="25" errors="0" skipped="0" failures="0">
  <properties>
    <property name="java.specification.version" value="17"/>
    <property name="sun.jnu.encoding" value="UTF-8"/>
    <property name="java.class.path" value="/Users/markuspaulsen/Documents/UniPHD/ChristianFemers/GIT/target/test-classes:/Users/markuspaulsen/Documents/UniPHD/ChristianFemers/GIT/target/classes:/Users/markuspaulsen/.m2/repository/ch/qos/logback/logback-classic/1.4.5/logback-classic-1.4.5.jar:/Users/markuspaulsen/.m2/repository/ch/qos/logback/logback-core/1.4.5/logback-core-1.4.5.jar:/Users/markuspaulsen/.m2/repository/org/slf4j/slf4j-api/2.0.4/slf4j-api-2.0.4.jar:/Users/markuspaulsen/.m2/repository/org/junit/jupiter/junit-jupiter-api/5.9.2/junit-jupiter-api-5.9.2.jar:/Users/markuspaulsen/.m2/repository/org/opentest4j/opentest4j/1.2.0/opentest4j-1.2.0.jar:/Users/markuspaulsen/.m2/repository/org/junit/platform/junit-platform-commons/1.9.2/junit-platform-commons-1.9.2.jar:/Users/markuspaulsen/.m2/repository/org/apiguardian/apiguardian-api/1.1.2/apiguardian-api-1.1.2.jar:/Users/markuspaulsen/.m2/repository/org/junit/platform/junit-platform-launcher/1.9.2/junit-platform-launcher-1.9.2.jar:/Users/markuspaulsen/.m2/repository/org/junit/platform/junit-platform-engine/1.9.2/junit-platform-engine-1.9.2.jar:/Users/markuspaulsen/.m2/repository/org/junit/jupiter/junit-jupiter-engine/5.9.2/junit-jupiter-engine-5.9.2.jar:/Users/markuspaulsen/.m2/repository/org/junit/jupiter/junit-jupiter-params/5.9.2/junit-jupiter-params-5.9.2.jar:/Users/markuspaulsen/.m2/repository/org/junit/vintage/junit-vintage-engine/5.9.2/junit-vintage-engine-5.9.2.jar:/Users/markuspaulsen/.m2/repository/junit/junit/4.13.2/junit-4.13.2.jar:/Users/markuspaulsen/.m2/repository/org/hamcrest/hamcrest-core/1.3/hamcrest-core-1.3.jar:/Users/markuspaulsen/.m2/repository/org/hamcrest/hamcrest/2.2/hamcrest-2.2.jar:/Users/markuspaulsen/.m2/repository/org/assertj/assertj-core/3.24.1/assertj-core-3.24.1.jar:/Users/markuspaulsen/.m2/repository/net/bytebuddy/byte-buddy/1.12.21/byte-buddy-1.12.21.jar:/Users/markuspaulsen/.m2/repository/org/json/json/20220924/json-20220924.jar:/Users/markuspaulsen/.m2/repository/info/debatty/java-string-similarity/2.0.0/java-string-similarity-2.0.0.jar:/Users/markuspaulsen/.m2/repository/net/jcip/jcip-annotations/1.0/jcip-annotations-1.0.jar:/Users/markuspaulsen/.m2/repository/com/github/javaparser/javaparser-core/3.24.10/javaparser-core-3.24.10.jar:/Users/markuspaulsen/.m2/repository/org/junit/platform/junit-platform-testkit/1.9.2/junit-platform-testkit-1.9.2.jar:/Users/markuspaulsen/.m2/repository/net/jqwik/jqwik/1.7.1/jqwik-1.7.1.jar:/Users/markuspaulsen/.m2/repository/net/jqwik/jqwik-api/1.7.1/jqwik-api-1.7.1.jar:/Users/markuspaulsen/.m2/repository/net/jqwik/jqwik-web/1.7.1/jqwik-web-1.7.1.jar:/Users/markuspaulsen/.m2/repository/net/jqwik/jqwik-time/1.7.1/jqwik-time-1.7.1.jar:/Users/markuspaulsen/.m2/repository/net/jqwik/jqwik-engine/1.7.1/jqwik-engine-1.7.1.jar:"/>
    <property name="java.vm.vendor" value="Amazon.com Inc."/>
    <property name="sun.arch.data.model" value="64"/>
    <property name="java.vendor.url" value="https://aws.amazon.com/corretto/"/>
    <property name="user.timezone" value="Europe/Berlin"/>
    <property name="os.name" value="Mac OS X"/>
    <property name="java.vm.specification.version" value="17"/>
    <property name="sun.java.launcher" value="SUN_STANDARD"/>
    <property name="user.country" value="DE"/>
    <property name="sun.boot.library.path" value="/Users/markuspaulsen/Library/Java/JavaVirtualMachines/corretto-17.0.3/Contents/Home/lib"/>
    <property name="sun.java.command" value="/Users/markuspaulsen/Documents/UniPHD/ChristianFemers/GIT/target/surefire/surefirebooter-20230215165707290_3.jar /Users/markuspaulsen/Documents/UniPHD/ChristianFemers/GIT/target/surefire 2023-02-15T16-57-06_749-jvmRun1 surefire-20230215165707290_1tmp surefire_0-20230215165707290_2tmp"/>
    <property name="jdk.debug" value="release"/>
    <property name="surefire.test.class.path" value="/Users/markuspaulsen/Documents/UniPHD/ChristianFemers/GIT/target/test-classes:/Users/markuspaulsen/Documents/UniPHD/ChristianFemers/GIT/target/classes:/Users/markuspaulsen/.m2/repository/ch/qos/logback/logback-classic/1.4.5/logback-classic-1.4.5.jar:/Users/markuspaulsen/.m2/repository/ch/qos/logback/logback-core/1.4.5/logback-core-1.4.5.jar:/Users/markuspaulsen/.m2/repository/org/slf4j/slf4j-api/2.0.4/slf4j-api-2.0.4.jar:/Users/markuspaulsen/.m2/repository/org/junit/jupiter/junit-jupiter-api/5.9.2/junit-jupiter-api-5.9.2.jar:/Users/markuspaulsen/.m2/repository/org/opentest4j/opentest4j/1.2.0/opentest4j-1.2.0.jar:/Users/markuspaulsen/.m2/repository/org/junit/platform/junit-platform-commons/1.9.2/junit-platform-commons-1.9.2.jar:/Users/markuspaulsen/.m2/repository/org/apiguardian/apiguardian-api/1.1.2/apiguardian-api-1.1.2.jar:/Users/markuspaulsen/.m2/repository/org/junit/platform/junit-platform-launcher/1.9.2/junit-platform-launcher-1.9.2.jar:/Users/markuspaulsen/.m2/repository/org/junit/platform/junit-platform-engine/1.9.2/junit-platform-engine-1.9.2.jar:/Users/markuspaulsen/.m2/repository/org/junit/jupiter/junit-jupiter-engine/5.9.2/junit-jupiter-engine-5.9.2.jar:/Users/markuspaulsen/.m2/repository/org/junit/jupiter/junit-jupiter-params/5.9.2/junit-jupiter-params-5.9.2.jar:/Users/markuspaulsen/.m2/repository/org/junit/vintage/junit-vintage-engine/5.9.2/junit-vintage-engine-5.9.2.jar:/Users/markuspaulsen/.m2/repository/junit/junit/4.13.2/junit-4.13.2.jar:/Users/markuspaulsen/.m2/repository/org/hamcrest/hamcrest-core/1.3/hamcrest-core-1.3.jar:/Users/markuspaulsen/.m2/repository/org/hamcrest/hamcrest/2.2/hamcrest-2.2.jar:/Users/markuspaulsen/.m2/repository/org/assertj/assertj-core/3.24.1/assertj-core-3.24.1.jar:/Users/markuspaulsen/.m2/repository/net/bytebuddy/byte-buddy/1.12.21/byte-buddy-1.12.21.jar:/Users/markuspaulsen/.m2/repository/org/json/json/20220924/json-20220924.jar:/Users/markuspaulsen/.m2/repository/info/debatty/java-string-similarity/2.0.0/java-string-similarity-2.0.0.jar:/Users/markuspaulsen/.m2/repository/net/jcip/jcip-annotations/1.0/jcip-annotations-1.0.jar:/Users/markuspaulsen/.m2/repository/com/github/javaparser/javaparser-core/3.24.10/javaparser-core-3.24.10.jar:/Users/markuspaulsen/.m2/repository/org/junit/platform/junit-platform-testkit/1.9.2/junit-platform-testkit-1.9.2.jar:/Users/markuspaulsen/.m2/repository/net/jqwik/jqwik/1.7.1/jqwik-1.7.1.jar:/Users/markuspaulsen/.m2/repository/net/jqwik/jqwik-api/1.7.1/jqwik-api-1.7.1.jar:/Users/markuspaulsen/.m2/repository/net/jqwik/jqwik-web/1.7.1/jqwik-web-1.7.1.jar:/Users/markuspaulsen/.m2/repository/net/jqwik/jqwik-time/1.7.1/jqwik-time-1.7.1.jar:/Users/markuspaulsen/.m2/repository/net/jqwik/jqwik-engine/1.7.1/jqwik-engine-1.7.1.jar:"/>
    <property name="sun.cpu.endian" value="little"/>
    <property name="user.home" value="/Users/markuspaulsen"/>
    <property name="user.language" value="de"/>
    <property name="java.specification.vendor" value="Oracle Corporation"/>
    <property name="java.version.date" value="2022-04-19"/>
    <property name="java.home" value="/Users/markuspaulsen/Library/Java/JavaVirtualMachines/corretto-17.0.3/Contents/Home"/>
    <property name="file.separator" value="/"/>
    <property name="basedir" value="/Users/markuspaulsen/Documents/UniPHD/ChristianFemers/GIT"/>
    <property name="java.vm.compressedOopsMode" value="Zero based"/>
    <property name="line.separator" value="&#10;"/>
    <property name="java.vm.specification.vendor" value="Oracle Corporation"/>
    <property name="java.specification.name" value="Java Platform API Specification"/>
    <property name="surefire.real.class.path" value="/Users/markuspaulsen/Documents/UniPHD/ChristianFemers/GIT/target/surefire/surefirebooter-20230215165707290_3.jar"/>
    <property name="sun.management.compiler" value="HotSpot 64-Bit Tiered Compilers"/>
    <property name="java.runtime.version" value="17.0.3+6-LTS"/>
    <property name="user.name" value="markuspaulsen"/>
    <property name="path.separator" value=":"/>
    <property name="os.version" value="12.6.3"/>
    <property name="java.runtime.name" value="OpenJDK Runtime Environment"/>
    <property name="file.encoding" value="UTF-8"/>
    <property name="java.vm.name" value="OpenJDK 64-Bit Server VM"/>
    <property name="java.vendor.version" value="Corretto-17.0.3.6.1"/>
    <property name="localRepository" value="/Users/markuspaulsen/.m2/repository"/>
    <property name="java.vendor.url.bug" value="https://github.com/corretto/corretto-17/issues/"/>
    <property name="java.io.tmpdir" value="/var/folders/06/zkny378x76z6fr1t669ntwm80000gn/T/"/>
    <property name="idea.version" value="2022.2.4"/>
    <property name="java.version" value="17.0.3"/>
    <property name="user.dir" value="/Users/markuspaulsen/Documents/UniPHD/ChristianFemers/GIT"/>
    <property name="os.arch" value="x86_64"/>
    <property name="java.vm.specification.name" value="Java Virtual Machine Specification"/>
    <property name="native.encoding" value="UTF-8"/>
    <property name="java.library.path" value="/Users/markuspaulsen/Library/Java/Extensions:/Library/Java/Extensions:/Network/Library/Java/Extensions:/System/Library/Java/Extensions:/usr/lib/java:."/>
    <property name="java.vm.info" value="mixed mode, sharing"/>
    <property name="java.vendor" value="Amazon.com Inc."/>
    <property name="java.vm.version" value="17.0.3+6-LTS"/>
    <property name="sun.io.unicode.encoding" value="UnicodeBig"/>
    <property name="java.class.version" value="61.0"/>
  </properties>
  <testcase name="test_doSystemExit" classname="de.tum.in.test.integration.SecurityTest" time="0.002">
    <system-err><![CDATA[[DEBUG] [main] Validated build configuration regarding trusted package rules, 0 are missing.
[INFO] [main] Request install with ASC-Impl [testMethod=Optional.empty, executionPath=/Users/markuspaulsen/Documents/UniPHD/ChristianFemers/GIT, whitelistedPaths=Optional[[PathRule["target/{classes,test-classes}/de/tum**" (GLOB) in WHITELIST; level READ]]], blacklistedPaths=[PathRule["**Test*.{java,class}" (GLOB) in BLACKLIST; level READ]], allowedLocalPorts=[], trustedPackages=[]]
[INFO] [main] Request whitelisting: Thread[ajts-to-351,5,Test-Threadgroup] []
[INFO] [main] Thread whitelisted: Thread[ajts-to-351,5,Test-Threadgroup]
[INFO] [main] Request uninstall
[DEBUG] [main] Validated build configuration regarding trusted package rules, 0 are missing.
[INFO] [main] Request install with ASC-Impl [testMethod=Optional[void de.tum.in.test.integration.testuser.SecurityUser.doSystemExit()], executionPath=/Users/markuspaulsen/Documents/UniPHD/ChristianFemers/GIT, whitelistedPaths=Optional[[PathRule["target/{classes,test-classes}/de/tum**" (GLOB) in WHITELIST; level READ]]], blacklistedPaths=[PathRule["**Test*.{java,class}" (GLOB) in BLACKLIST; level READ]], allowedLocalPorts=[], trustedPackages=[]]
[INFO] [main] Request whitelisting: Thread[ajts-to-352,5,Test-Threadgroup] []
[INFO] [main] Thread whitelisted: Thread[ajts-to-352,5,Test-Threadgroup]
[INFO] [main] Request uninstall
[DEBUG] [main] Validated build configuration regarding trusted package rules, 0 are missing.
[INFO] [main] Request install with ASC-Impl [testMethod=Optional.empty, executionPath=/Users/markuspaulsen/Documents/UniPHD/ChristianFemers/GIT, whitelistedPaths=Optional[[PathRule["target/{classes,test-classes}/de/tum**" (GLOB) in WHITELIST; level READ]]], blacklistedPaths=[PathRule["**Test*.{java,class}" (GLOB) in BLACKLIST; level READ]], allowedLocalPorts=[], trustedPackages=[]]
[INFO] [main] Request whitelisting: Thread[ajts-to-353,5,Test-Threadgroup] []
[INFO] [main] Thread whitelisted: Thread[ajts-to-353,5,Test-Threadgroup]
[INFO] [main] Request uninstall
[DEBUG] [main] Validated build configuration regarding trusted package rules, 0 are missing.
[INFO] [main] Request install with ASC-Impl [testMethod=Optional[void de.tum.in.test.integration.testuser.SecurityUser.longOutputJUnit4()], executionPath=/Users/markuspaulsen/Documents/UniPHD/ChristianFemers/GIT, whitelistedPaths=Optional[[PathRule["target/{classes,test-classes}/de/tum**" (GLOB) in WHITELIST; level READ]]], blacklistedPaths=[PathRule["**Test*.{java,class}" (GLOB) in BLACKLIST; level READ]], allowedLocalPorts=[], trustedPackages=[]]
[INFO] [main] Request whitelisting: Thread[ajts-to-354,5,Test-Threadgroup] []
[INFO] [main] Thread whitelisted: Thread[ajts-to-354,5,Test-Threadgroup]
[INFO] [main] Request uninstall
[DEBUG] [main] Validated build configuration regarding trusted package rules, 0 are missing.
[INFO] [main] Request install with ASC-Impl [testMethod=Optional.empty, executionPath=/Users/markuspaulsen/Documents/UniPHD/ChristianFemers/GIT, whitelistedPaths=Optional[[PathRule["target/{classes,test-classes}/de/tum**" (GLOB) in WHITELIST; level READ]]], blacklistedPaths=[PathRule["**Test*.{java,class}" (GLOB) in BLACKLIST; level READ]], allowedLocalPorts=[], trustedPackages=[]]
[INFO] [main] Request whitelisting: Thread[ajts-to-355,5,Test-Threadgroup] []
[INFO] [main] Thread whitelisted: Thread[ajts-to-355,5,Test-Threadgroup]
[INFO] [main] Request uninstall
[DEBUG] [main] Validated build configuration regarding trusted package rules, 0 are missing.
[INFO] [main] Request install with ASC-Impl [testMethod=Optional[void de.tum.in.test.integration.testuser.SecurityUser.longOutputJUnit5()], executionPath=/Users/markuspaulsen/Documents/UniPHD/ChristianFemers/GIT, whitelistedPaths=Optional[[PathRule["target/{classes,test-classes}/de/tum**" (GLOB) in WHITELIST; level READ]]], blacklistedPaths=[PathRule["**Test*.{java,class}" (GLOB) in BLACKLIST; level READ]], allowedLocalPorts=[], trustedPackages=[]]
[INFO] [main] Request whitelisting: Thread[ajts-to-356,5,Test-Threadgroup] []
[INFO] [main] Thread whitelisted: Thread[ajts-to-356,5,Test-Threadgroup]
[INFO] [main] Request uninstall
[DEBUG] [main] Validated build configuration regarding trusted package rules, 0 are missing.
[INFO] [main] Request install with ASC-Impl [testMethod=Optional.empty, executionPath=/Users/markuspaulsen/Documents/UniPHD/ChristianFemers/GIT, whitelistedPaths=Optional[[PathRule["target/{classes,test-classes}/de/tum**" (GLOB) in WHITELIST; level READ]]], blacklistedPaths=[PathRule["**Test*.{java,class}" (GLOB) in BLACKLIST; level READ]], allowedLocalPorts=[], trustedPackages=[]]
[INFO] [main] Request whitelisting: Thread[ajts-to-357,5,Test-Threadgroup] []
[INFO] [main] Thread whitelisted: Thread[ajts-to-357,5,Test-Threadgroup]
[INFO] [main] Request uninstall
[DEBUG] [main] Validated build configuration regarding trusted package rules, 0 are missing.
[INFO] [main] Request install with ASC-Impl [testMethod=Optional[void de.tum.in.test.integration.testuser.SecurityUser.testDefinePackage()], executionPath=/Users/markuspaulsen/Documents/UniPHD/ChristianFemers/GIT, whitelistedPaths=Optional[[PathRule["target/{classes,test-classes}/de/tum**" (GLOB) in WHITELIST; level READ]]], blacklistedPaths=[PathRule["**Test*.{java,class}" (GLOB) in BLACKLIST; level READ]], allowedLocalPorts=[], trustedPackages=[]]
[INFO] [main] Request whitelisting: Thread[ajts-to-358,5,Test-Threadgroup] []
[INFO] [main] Thread whitelisted: Thread[ajts-to-358,5,Test-Threadgroup]
[INFO] [ajts-to-358] PKG-DEF: java.util
[INFO] [main] Request uninstall
[DEBUG] [main] Validated build configuration regarding trusted package rules, 0 are missing.
[INFO] [main] Request install with ASC-Impl [testMethod=Optional.empty, executionPath=/Users/markuspaulsen/Documents/UniPHD/ChristianFemers/GIT, whitelistedPaths=Optional[[PathRule["target/{classes,test-classes}/de/tum**" (GLOB) in WHITELIST; level READ]]], blacklistedPaths=[PathRule["**Test*.{java,class}" (GLOB) in BLACKLIST; level READ]], allowedLocalPorts=[], trustedPackages=[]]
[INFO] [main] Request whitelisting: Thread[ajts-to-359,5,Test-Threadgroup] []
[INFO] [main] Thread whitelisted: Thread[ajts-to-359,5,Test-Threadgroup]
[INFO] [main] Request uninstall
[DEBUG] [main] Validated build configuration regarding trusted package rules, 0 are missing.
[INFO] [main] Request install with ASC-Impl [testMethod=Optional[void de.tum.in.test.integration.testuser.SecurityUser.testEvilPermission()], executionPath=/Users/markuspaulsen/Documents/UniPHD/ChristianFemers/GIT, whitelistedPaths=Optional[[PathRule["target/{classes,test-classes}/de/tum**" (GLOB) in WHITELIST; level READ]]], blacklistedPaths=[PathRule["**Test*.{java,class}" (GLOB) in BLACKLIST; level READ]], allowedLocalPorts=[], trustedPackages=[]]
[INFO] [main] Request whitelisting: Thread[ajts-to-360,5,Test-Threadgroup] []
[INFO] [main] Thread whitelisted: Thread[ajts-to-360,5,Test-Threadgroup]
[WARN] [ajts-to-360] NWSFs ==> [de.tum.in.test.integration.testuser.subject.PathAccessPenguin.accessPath(PathAccessPenguin.java:12), de.tum.in.test.integration.testuser.subject.SecurityPenguin$1.toString(SecurityPenguin.java:86), de.tum.in.test.integration.testuser.subject.SecurityPenguin.tryEvilPermission(SecurityPenguin.java:59)]
[WARN] [ajts-to-360] BAD PATH ACCESS: pom.xml (BL:false, WL:false)
[INFO] [main] Request uninstall
[DEBUG] [main] Validated build configuration regarding trusted package rules, 0 are missing.
[INFO] [main] Request install with ASC-Impl [testMethod=Optional.empty, executionPath=/Users/markuspaulsen/Documents/UniPHD/ChristianFemers/GIT, whitelistedPaths=Optional[[PathRule["target/{classes,test-classes}/de/tum**" (GLOB) in WHITELIST; level READ]]], blacklistedPaths=[PathRule["**Test*.{java,class}" (GLOB) in BLACKLIST; level READ]], allowedLocalPorts=[], trustedPackages=[]]
[INFO] [main] Request whitelisting: Thread[ajts-to-361,5,Test-Threadgroup] []
[INFO] [main] Thread whitelisted: Thread[ajts-to-361,5,Test-Threadgroup]
[INFO] [main] Request uninstall
[DEBUG] [main] Validated build configuration regarding trusted package rules, 0 are missing.
[INFO] [main] Request install with ASC-Impl [testMethod=Optional[void de.tum.in.test.integration.testuser.SecurityUser.testExecuteGit()], executionPath=/Users/markuspaulsen/Documents/UniPHD/ChristianFemers/GIT, whitelistedPaths=Optional[[PathRule["target/{classes,test-classes}/de/tum**" (GLOB) in WHITELIST; level READ]]], blacklistedPaths=[PathRule["**Test*.{java,class}" (GLOB) in BLACKLIST; level READ]], allowedLocalPorts=[], trustedPackages=[]]
[INFO] [main] Request whitelisting: Thread[ajts-to-362,5,Test-Threadgroup] []
[INFO] [main] Thread whitelisted: Thread[ajts-to-362,5,Test-Threadgroup]
[INFO] [main] Request uninstall
[DEBUG] [main] Validated build configuration regarding trusted package rules, 0 are missing.
[INFO] [main] Request install with ASC-Impl [testMethod=Optional.empty, executionPath=/Users/markuspaulsen/Documents/UniPHD/ChristianFemers/GIT, whitelistedPaths=Optional[[PathRule["target/{classes,test-classes}/de/tum**" (GLOB) in WHITELIST; level READ]]], blacklistedPaths=[PathRule["**Test*.{java,class}" (GLOB) in BLACKLIST; level READ]], allowedLocalPorts=[], trustedPackages=[]]
[INFO] [main] Request whitelisting: Thread[ajts-to-363,5,Test-Threadgroup] []
[INFO] [main] Thread whitelisted: Thread[ajts-to-363,5,Test-Threadgroup]
[INFO] [main] Request uninstall
[DEBUG] [main] Validated build configuration regarding trusted package rules, 0 are missing.
[INFO] [main] Request install with ASC-Impl [testMethod=Optional[void de.tum.in.test.integration.testuser.SecurityUser.testMaliciousExceptionA()], executionPath=/Users/markuspaulsen/Documents/UniPHD/ChristianFemers/GIT, whitelistedPaths=Optional[[PathRule["target/{classes,test-classes}/de/tum**" (GLOB) in WHITELIST; level READ]]], blacklistedPaths=[PathRule["**Test*.{java,class}" (GLOB) in BLACKLIST; level READ]], allowedLocalPorts=[], trustedPackages=[]]
[INFO] [main] Request whitelisting: Thread[ajts-to-364,5,Test-Threadgroup] []
[INFO] [main] Thread whitelisted: Thread[ajts-to-364,5,Test-Threadgroup]
[WARN] [main] NWSFs ==> [de.tum.in.test.integration.testuser.subject.MaliciousExceptionA.getMessage(MaliciousExceptionA.java:17), de.tum.in.test.api.internal.BlacklistedInvoker.invokeChecked(BlacklistedInvoker.java:32)]
[WARN] [main] BAD PATH ACCESS: pom.xml (BL:false, WL:false)
[INFO] [main] Request uninstall
[DEBUG] [main] Validated build configuration regarding trusted package rules, 0 are missing.
[INFO] [main] Request install with ASC-Impl [testMethod=Optional.empty, executionPath=/Users/markuspaulsen/Documents/UniPHD/ChristianFemers/GIT, whitelistedPaths=Optional[[PathRule["target/{classes,test-classes}/de/tum**" (GLOB) in WHITELIST; level READ]]], blacklistedPaths=[PathRule["**Test*.{java,class}" (GLOB) in BLACKLIST; level READ]], allowedLocalPorts=[], trustedPackages=[]]
[INFO] [main] Request whitelisting: Thread[ajts-to-365,5,Test-Threadgroup] []
[INFO] [main] Thread whitelisted: Thread[ajts-to-365,5,Test-Threadgroup]
[INFO] [main] Request uninstall
[DEBUG] [main] Validated build configuration regarding trusted package rules, 0 are missing.
[INFO] [main] Request install with ASC-Impl [testMethod=Optional[void de.tum.in.test.integration.testuser.SecurityUser.testMaliciousExceptionB()], executionPath=/Users/markuspaulsen/Documents/UniPHD/ChristianFemers/GIT, whitelistedPaths=Optional[[PathRule["target/{classes,test-classes}/de/tum**" (GLOB) in WHITELIST; level READ]]], blacklistedPaths=[PathRule["**Test*.{java,class}" (GLOB) in BLACKLIST; level READ]], allowedLocalPorts=[], trustedPackages=[]]
[INFO] [main] Request whitelisting: Thread[ajts-to-366,5,Test-Threadgroup] []
[INFO] [main] Thread whitelisted: Thread[ajts-to-366,5,Test-Threadgroup]
[WARN] [main] NWSFs ==> [de.tum.in.test.api.internal.BlacklistedInvoker.invokeChecked(BlacklistedInvoker.java:32)]
[WARN] [main] BAD PATH ACCESS: pom.xml (BL:false, WL:false)
[INFO] [main] Request uninstall
[DEBUG] [main] Validated build configuration regarding trusted package rules, 0 are missing.
[INFO] [main] Request install with ASC-Impl [testMethod=Optional.empty, executionPath=/Users/markuspaulsen/Documents/UniPHD/ChristianFemers/GIT, whitelistedPaths=Optional[[PathRule["target/{classes,test-classes}/de/tum**" (GLOB) in WHITELIST; level READ]]], blacklistedPaths=[PathRule["**Test*.{java,class}" (GLOB) in BLACKLIST; level READ]], allowedLocalPorts=[], trustedPackages=[]]
[INFO] [main] Request whitelisting: Thread[ajts-to-367,5,Test-Threadgroup] []
[INFO] [main] Thread whitelisted: Thread[ajts-to-367,5,Test-Threadgroup]
[INFO] [main] Request uninstall
[DEBUG] [main] Validated build configuration regarding trusted package rules, 0 are missing.
[INFO] [main] Request install with ASC-Impl [testMethod=Optional[void de.tum.in.test.integration.testuser.SecurityUser.testMaliciousInvocationTargetException() throws java.lang.Exception], executionPath=/Users/markuspaulsen/Documents/UniPHD/ChristianFemers/GIT, whitelistedPaths=Optional[[PathRule["target/{classes,test-classes}/de/tum**" (GLOB) in WHITELIST; level READ]]], blacklistedPaths=[PathRule["**Test*.{java,class}" (GLOB) in BLACKLIST; level READ]], allowedLocalPorts=[], trustedPackages=[]]
[INFO] [main] Request whitelisting: Thread[ajts-to-368,5,Test-Threadgroup] []
[INFO] [main] Thread whitelisted: Thread[ajts-to-368,5,Test-Threadgroup]
[WARN] [ajts-to-368] NWSFs ==> [org.junit.platform.commons.util.ReflectionUtils.getUnderlyingCause(ReflectionUtils.java:1775), org.junit.platform.commons.util.ReflectionUtils.getUnderlyingCause(ReflectionUtils.java:1775)]
[WARN] [ajts-to-368] BAD PATH ACCESS: pom.xml (BL:false, WL:false)
[INFO] [main] Request uninstall
[DEBUG] [main] Validated build configuration regarding trusted package rules, 0 are missing.
[INFO] [main] Request install with ASC-Impl [testMethod=Optional.empty, executionPath=/Users/markuspaulsen/Documents/UniPHD/ChristianFemers/GIT, whitelistedPaths=Optional[[PathRule["target/{classes,test-classes}/de/tum**" (GLOB) in WHITELIST; level READ]]], blacklistedPaths=[PathRule["**Test*.{java,class}" (GLOB) in BLACKLIST; level READ]], allowedLocalPorts=[], trustedPackages=[]]
[INFO] [main] Request whitelisting: Thread[ajts-to-369,5,Test-Threadgroup] []
[INFO] [main] Thread whitelisted: Thread[ajts-to-369,5,Test-Threadgroup]
[INFO] [main] Request uninstall
[DEBUG] [main] Validated build configuration regarding trusted package rules, 0 are missing.
[INFO] [main] Request install with ASC-Impl [testMethod=Optional[void de.tum.in.test.integration.testuser.SecurityUser.testNewClassLoader() throws java.io.IOException], executionPath=/Users/markuspaulsen/Documents/UniPHD/ChristianFemers/GIT, whitelistedPaths=Optional[[PathRule["target/{classes,test-classes}/de/tum**" (GLOB) in WHITELIST; level READ]]], blacklistedPaths=[PathRule["**Test*.{java,class}" (GLOB) in BLACKLIST; level READ]], allowedLocalPorts=[], trustedPackages=[]]
[INFO] [main] Request whitelisting: Thread[ajts-to-370,5,Test-Threadgroup] []
[INFO] [main] Thread whitelisted: Thread[ajts-to-370,5,Test-Threadgroup]
[WARN] [ajts-to-370] NWSFs ==> [de.tum.in.test.integration.testuser.subject.SecurityPenguin.newClassLoader(SecurityPenguin.java:48)]
[INFO] [main] Request uninstall
[DEBUG] [main] Validated build configuration regarding trusted package rules, 0 are missing.
[INFO] [main] Request install with ASC-Impl [testMethod=Optional.empty, executionPath=/Users/markuspaulsen/Documents/UniPHD/ChristianFemers/GIT, whitelistedPaths=Optional[[PathRule["target/{classes,test-classes}/de/tum**" (GLOB) in WHITELIST; level READ]]], blacklistedPaths=[PathRule["**Test*.{java,class}" (GLOB) in BLACKLIST; level READ]], allowedLocalPorts=[], trustedPackages=[]]
[INFO] [main] Request whitelisting: Thread[ajts-to-371,5,Test-Threadgroup] []
[INFO] [main] Thread whitelisted: Thread[ajts-to-371,5,Test-Threadgroup]
[INFO] [main] Request uninstall
[DEBUG] [main] Validated build configuration regarding trusted package rules, 0 are missing.
[INFO] [main] Request install with ASC-Impl [testMethod=Optional[void de.tum.in.test.integration.testuser.SecurityUser.testNewSecurityManager()], executionPath=/Users/markuspaulsen/Documents/UniPHD/ChristianFemers/GIT, whitelistedPaths=Optional[[PathRule["target/{classes,test-classes}/de/tum**" (GLOB) in WHITELIST; level READ]]], blacklistedPaths=[PathRule["**Test*.{java,class}" (GLOB) in BLACKLIST; level READ]], allowedLocalPorts=[], trustedPackages=[]]
[INFO] [main] Request whitelisting: Thread[ajts-to-372,5,Test-Threadgroup] []
[INFO] [main] Thread whitelisted: Thread[ajts-to-372,5,Test-Threadgroup]
[WARN] [ajts-to-372] NWSFs ==> [de.tum.in.test.integration.testuser.subject.SecurityPenguin.newSecurityManager(SecurityPenguin.java:53)]
[INFO] [main] Request uninstall
[DEBUG] [main] Validated build configuration regarding trusted package rules, 0 are missing.
[INFO] [main] Request install with ASC-Impl [testMethod=Optional.empty, executionPath=/Users/markuspaulsen/Documents/UniPHD/ChristianFemers/GIT, whitelistedPaths=Optional[[PathRule["target/{classes,test-classes}/de/tum**" (GLOB) in WHITELIST; level READ]]], blacklistedPaths=[PathRule["**Test*.{java,class}" (GLOB) in BLACKLIST; level READ]], allowedLocalPorts=[], trustedPackages=[]]
[INFO] [main] Request whitelisting: Thread[ajts-to-373,5,Test-Threadgroup] []
[INFO] [main] Thread whitelisted: Thread[ajts-to-373,5,Test-Threadgroup]
[INFO] [main] Request uninstall
[DEBUG] [main] Validated build configuration regarding trusted package rules, 1 are missing.
[DEBUG] [main] Validated build configuration regarding trusted package rules, 0 are missing.
[INFO] [main] Request install with ASC-Impl [testMethod=Optional.empty, executionPath=/Users/markuspaulsen/Documents/UniPHD/ChristianFemers/GIT, whitelistedPaths=Optional[[PathRule["target/{classes,test-classes}/de/tum**" (GLOB) in WHITELIST; level READ]]], blacklistedPaths=[PathRule["**Test*.{java,class}" (GLOB) in BLACKLIST; level READ]], allowedLocalPorts=[], trustedPackages=[]]
[INFO] [main] Request whitelisting: Thread[ajts-to-374,5,Test-Threadgroup] []
[INFO] [main] Thread whitelisted: Thread[ajts-to-374,5,Test-Threadgroup]
[INFO] [main] Request uninstall
[DEBUG] [main] Validated build configuration regarding trusted package rules, 0 are missing.
[INFO] [main] Request install with ASC-Impl [testMethod=Optional[void de.tum.in.test.integration.testuser.SecurityUser.tryManageProcess()], executionPath=/Users/markuspaulsen/Documents/UniPHD/ChristianFemers/GIT, whitelistedPaths=Optional[[PathRule["target/{classes,test-classes}/de/tum**" (GLOB) in WHITELIST; level READ]]], blacklistedPaths=[PathRule["**Test*.{java,class}" (GLOB) in BLACKLIST; level READ]], allowedLocalPorts=[], trustedPackages=[]]
[INFO] [main] Request whitelisting: Thread[ajts-to-375,5,Test-Threadgroup] []
[INFO] [main] Thread whitelisted: Thread[ajts-to-375,5,Test-Threadgroup]
[WARN] [ajts-to-375] NWSFs ==> [de.tum.in.test.integration.testuser.subject.SecurityPenguin.tryManageProcess(SecurityPenguin.java:111)]
[INFO] [main] Request uninstall
[DEBUG] [main] Validated build configuration regarding trusted package rules, 0 are missing.
[INFO] [main] Request install with ASC-Impl [testMethod=Optional.empty, executionPath=/Users/markuspaulsen/Documents/UniPHD/ChristianFemers/GIT, whitelistedPaths=Optional[[PathRule["target/{classes,test-classes}/de/tum**" (GLOB) in WHITELIST; level READ]]], blacklistedPaths=[PathRule["**Test*.{java,class}" (GLOB) in BLACKLIST; level READ]], allowedLocalPorts=[], trustedPackages=[]]
[INFO] [main] Request whitelisting: Thread[ajts-to-376,5,Test-Threadgroup] []
[INFO] [main] Thread whitelisted: Thread[ajts-to-376,5,Test-Threadgroup]
[INFO] [main] Request uninstall
[DEBUG] [main] Validated build configuration regarding trusted package rules, 0 are missing.
[INFO] [main] Request install with ASC-Impl [testMethod=Optional[void de.tum.in.test.integration.testuser.SecurityUser.trySetSecurityManager()], executionPath=/Users/markuspaulsen/Documents/UniPHD/ChristianFemers/GIT, whitelistedPaths=Optional[[PathRule["target/{classes,test-classes}/de/tum**" (GLOB) in WHITELIST; level READ]]], blacklistedPaths=[PathRule["**Test*.{java,class}" (GLOB) in BLACKLIST; level READ]], allowedLocalPorts=[], trustedPackages=[]]
[INFO] [main] Request whitelisting: Thread[ajts-to-377,5,Test-Threadgroup] []
[INFO] [main] Thread whitelisted: Thread[ajts-to-377,5,Test-Threadgroup]
[INFO] [main] Request uninstall
[DEBUG] [main] Validated build configuration regarding trusted package rules, 0 are missing.
[INFO] [main] Request install with ASC-Impl [testMethod=Optional.empty, executionPath=/Users/markuspaulsen/Documents/UniPHD/ChristianFemers/GIT, whitelistedPaths=Optional[[PathRule["target/{classes,test-classes}/de/tum**" (GLOB) in WHITELIST; level READ]]], blacklistedPaths=[PathRule["**Test*.{java,class}" (GLOB) in BLACKLIST; level READ]], allowedLocalPorts=[], trustedPackages=[]]
[INFO] [main] Request whitelisting: Thread[ajts-to-378,5,Test-Threadgroup] []
[INFO] [main] Thread whitelisted: Thread[ajts-to-378,5,Test-Threadgroup]
[INFO] [main] Request uninstall
[DEBUG] [main] Validated build configuration regarding trusted package rules, 0 are missing.
[INFO] [main] Request install with ASC-Impl [testMethod=Optional[void de.tum.in.test.integration.testuser.SecurityUser.trySetSystemOut()], executionPath=/Users/markuspaulsen/Documents/UniPHD/ChristianFemers/GIT, whitelistedPaths=Optional[[PathRule["target/{classes,test-classes}/de/tum**" (GLOB) in WHITELIST; level READ]]], blacklistedPaths=[PathRule["**Test*.{java,class}" (GLOB) in BLACKLIST; level READ]], allowedLocalPorts=[], trustedPackages=[]]
[INFO] [main] Request whitelisting: Thread[ajts-to-379,5,Test-Threadgroup] []
[INFO] [main] Thread whitelisted: Thread[ajts-to-379,5,Test-Threadgroup]
[WARN] [ajts-to-379] NWSFs ==> [de.tum.in.test.integration.testuser.subject.SecurityPenguin.trySetSystemOut(SecurityPenguin.java:120)]
[INFO] [main] Request uninstall
[DEBUG] [main] Validated build configuration regarding trusted package rules, 0 are missing.
[INFO] [main] Request install with ASC-Impl [testMethod=Optional.empty, executionPath=/Users/markuspaulsen/Documents/UniPHD/ChristianFemers/GIT, whitelistedPaths=Optional[[PathRule["target/{classes,test-classes}/de/tum**" (GLOB) in WHITELIST; level READ]]], blacklistedPaths=[PathRule["**Test*.{java,class}" (GLOB) in BLACKLIST; level READ]], allowedLocalPorts=[], trustedPackages=[]]
[INFO] [main] Request whitelisting: Thread[ajts-to-380,5,Test-Threadgroup] []
[INFO] [main] Thread whitelisted: Thread[ajts-to-380,5,Test-Threadgroup]
[INFO] [main] Request uninstall
[DEBUG] [main] Validated build configuration regarding trusted package rules, 0 are missing.
[INFO] [main] Request install with ASC-Impl [testMethod=Optional[void de.tum.in.test.integration.testuser.SecurityUser.useCommonPoolBadNormal() throws java.lang.Throwable], executionPath=/Users/markuspaulsen/Documents/UniPHD/ChristianFemers/GIT, whitelistedPaths=Optional[[PathRule["target/{classes,test-classes}/de/tum**" (GLOB) in WHITELIST; level READ]]], blacklistedPaths=[PathRule["**Test*.{java,class}" (GLOB) in BLACKLIST; level READ]], allowedLocalPorts=[], trustedPackages=[]]
[INFO] [main] Request whitelisting: Thread[ajts-to-381,5,Test-Threadgroup] []
[INFO] [main] Thread whitelisted: Thread[ajts-to-381,5,Test-Threadgroup]
[WARN] [ForkJoinPool.commonPool-worker-3] NWSFs ==> [de.tum.in.test.api.security.ArtemisSecurityManager.getNonWhitelistedStackFrames(ArtemisSecurityManager.java:488), de.tum.in.test.api.security.ArtemisSecurityManager.getNonWhitelistedStackFrames(ArtemisSecurityManager.java:479), de.tum.in.test.api.security.ArtemisSecurityManager.checkForNonWhitelistedStackFrames(ArtemisSecurityManager.java:456), de.tum.in.test.api.security.ArtemisSecurityManager.checkPermission(ArtemisSecurityManager.java:342), java.base/java.lang.reflect.AccessibleObject.checkPermission(AccessibleObject.java:91), java.base/java.lang.reflect.Field.setAccessible(Field.java:171), de.tum.in.test.integration.testuser.subject.SecurityPenguin.lambda$useCommonPoolBadNormal$0(SecurityPenguin.java:134), java.base/java.util.concurrent.CompletableFuture$AsyncRun.run(CompletableFuture.java:1804), java.base/java.util.concurrent.CompletableFuture$AsyncRun.exec(CompletableFuture.java:1796), java.base/java.util.concurrent.ForkJoinTask.doExec(ForkJoinTask.java:373), java.base/java.util.concurrent.ForkJoinPool$WorkQueue.topLevelExec(ForkJoinPool.java:1182), java.base/java.util.concurrent.ForkJoinPool.scan(ForkJoinPool.java:1655), java.base/java.util.concurrent.ForkJoinPool.runWorker(ForkJoinPool.java:1622), java.base/java.util.concurrent.ForkJoinWorkerThread.run(ForkJoinWorkerThread.java:165)]
[INFO] [main] Request uninstall
[DEBUG] [main] Validated build configuration regarding trusted package rules, 0 are missing.
[INFO] [main] Request install with ASC-Impl [testMethod=Optional.empty, executionPath=/Users/markuspaulsen/Documents/UniPHD/ChristianFemers/GIT, whitelistedPaths=Optional[[PathRule["target/{classes,test-classes}/de/tum**" (GLOB) in WHITELIST; level READ]]], blacklistedPaths=[PathRule["**Test*.{java,class}" (GLOB) in BLACKLIST; level READ]], allowedLocalPorts=[], trustedPackages=[]]
[INFO] [main] Request whitelisting: Thread[ajts-to-382,5,Test-Threadgroup] []
[INFO] [main] Thread whitelisted: Thread[ajts-to-382,5,Test-Threadgroup]
[INFO] [main] Request uninstall
[DEBUG] [main] Validated build configuration regarding trusted package rules, 0 are missing.
[INFO] [main] Request install with ASC-Impl [testMethod=Optional[void de.tum.in.test.integration.testuser.SecurityUser.useCommonPoolBadTrick() throws java.lang.Throwable], executionPath=/Users/markuspaulsen/Documents/UniPHD/ChristianFemers/GIT, whitelistedPaths=Optional[[PathRule["target/{classes,test-classes}/de/tum**" (GLOB) in WHITELIST; level READ]]], blacklistedPaths=[PathRule["**Test*.{java,class}" (GLOB) in BLACKLIST; level READ]], allowedLocalPorts=[], trustedPackages=[]]
[INFO] [main] Request whitelisting: Thread[ajts-to-383,5,Test-Threadgroup] []
[INFO] [main] Thread whitelisted: Thread[ajts-to-383,5,Test-Threadgroup]
[WARN] [ForkJoinPool.commonPool-worker-3] NWSFs ==> [de.tum.in.test.api.security.ArtemisSecurityManager.getNonWhitelistedStackFrames(ArtemisSecurityManager.java:488), de.tum.in.test.api.security.ArtemisSecurityManager.getNonWhitelistedStackFrames(ArtemisSecurityManager.java:479), de.tum.in.test.api.security.ArtemisSecurityManager.checkForNonWhitelistedStackFrames(ArtemisSecurityManager.java:456), de.tum.in.test.api.security.ArtemisSecurityManager.checkPermission(ArtemisSecurityManager.java:342), java.base/java.lang.reflect.AccessibleObject.checkPermission(AccessibleObject.java:91), java.base/java.lang.reflect.Field.setAccessible(Field.java:171), org.apache.xyz.FakeTrustedClass.lambda$useCommonPoolBad$0(FakeTrustedClass.java:10), java.base/java.util.concurrent.CompletableFuture$AsyncRun.run(CompletableFuture.java:1804), java.base/java.util.concurrent.CompletableFuture$AsyncRun.exec(CompletableFuture.java:1796), java.base/java.util.concurrent.ForkJoinTask.doExec(ForkJoinTask.java:373), java.base/java.util.concurrent.ForkJoinPool$WorkQueue.topLevelExec(ForkJoinPool.java:1182), java.base/java.util.concurrent.ForkJoinPool.scan(ForkJoinPool.java:1655), java.base/java.util.concurrent.ForkJoinPool.runWorker(ForkJoinPool.java:1622), java.base/java.util.concurrent.ForkJoinWorkerThread.run(ForkJoinWorkerThread.java:165)]
[INFO] [main] Request uninstall
[DEBUG] [main] Validated build configuration regarding trusted package rules, 0 are missing.
[INFO] [main] Request install with ASC-Impl [testMethod=Optional.empty, executionPath=/Users/markuspaulsen/Documents/UniPHD/ChristianFemers/GIT, whitelistedPaths=Optional[[PathRule["target/{classes,test-classes}/de/tum**" (GLOB) in WHITELIST; level READ]]], blacklistedPaths=[PathRule["**Test*.{java,class}" (GLOB) in BLACKLIST; level READ]], allowedLocalPorts=[], trustedPackages=[]]
[INFO] [main] Request whitelisting: Thread[ajts-to-384,5,Test-Threadgroup] []
[INFO] [main] Thread whitelisted: Thread[ajts-to-384,5,Test-Threadgroup]
[INFO] [main] Request uninstall
[DEBUG] [main] Validated build configuration regarding trusted package rules, 0 are missing.
[INFO] [main] Request install with ASC-Impl [testMethod=Optional[void de.tum.in.test.integration.testuser.SecurityUser.useCommonPoolGood() throws java.lang.Throwable], executionPath=/Users/markuspaulsen/Documents/UniPHD/ChristianFemers/GIT, whitelistedPaths=Optional[[PathRule["target/{classes,test-classes}/de/tum**" (GLOB) in WHITELIST; level READ]]], blacklistedPaths=[PathRule["**Test*.{java,class}" (GLOB) in BLACKLIST; level READ]], allowedLocalPorts=[], trustedPackages=[]]
[INFO] [main] Request whitelisting: Thread[ajts-to-385,5,Test-Threadgroup] []
[INFO] [main] Thread whitelisted: Thread[ajts-to-385,5,Test-Threadgroup]
[INFO] [main] Request uninstall
[DEBUG] [main] Validated build configuration regarding trusted package rules, 0 are missing.
[INFO] [main] Request install with ASC-Impl [testMethod=Optional.empty, executionPath=/Users/markuspaulsen/Documents/UniPHD/ChristianFemers/GIT, whitelistedPaths=Optional[[PathRule["target/{classes,test-classes}/de/tum**" (GLOB) in WHITELIST; level READ]]], blacklistedPaths=[PathRule["**Test*.{java,class}" (GLOB) in BLACKLIST; level READ]], allowedLocalPorts=[], trustedPackages=[]]
[INFO] [main] Request whitelisting: Thread[ajts-to-386,5,Test-Threadgroup] []
[INFO] [main] Thread whitelisted: Thread[ajts-to-386,5,Test-Threadgroup]
[INFO] [main] Request uninstall
[DEBUG] [main] Validated build configuration regarding trusted package rules, 0 are missing.
[INFO] [main] Request install with ASC-Impl [testMethod=Optional[void de.tum.in.test.integration.testuser.SecurityUser.useReflectionNormal()], executionPath=/Users/markuspaulsen/Documents/UniPHD/ChristianFemers/GIT, whitelistedPaths=Optional[[PathRule["target/{classes,test-classes}/de/tum**" (GLOB) in WHITELIST; level READ]]], blacklistedPaths=[PathRule["**Test*.{java,class}" (GLOB) in BLACKLIST; level READ]], allowedLocalPorts=[], trustedPackages=[]]
[INFO] [main] Request whitelisting: Thread[ajts-to-387,5,Test-Threadgroup] []
[INFO] [main] Thread whitelisted: Thread[ajts-to-387,5,Test-Threadgroup]
[WARN] [ajts-to-387] NWSFs ==> [de.tum.in.test.integration.testuser.subject.SecurityPenguin.useReflection(SecurityPenguin.java:150)]
[INFO] [main] Request uninstall
[DEBUG] [main] Validated build configuration regarding trusted package rules, 0 are missing.
[INFO] [main] Request install with ASC-Impl [testMethod=Optional.empty, executionPath=/Users/markuspaulsen/Documents/UniPHD/ChristianFemers/GIT, whitelistedPaths=Optional[[PathRule["target/{classes,test-classes}/de/tum**" (GLOB) in WHITELIST; level READ]]], blacklistedPaths=[PathRule["**Test*.{java,class}" (GLOB) in BLACKLIST; level READ]], allowedLocalPorts=[], trustedPackages=[]]
[INFO] [main] Request whitelisting: Thread[ajts-to-388,5,Test-Threadgroup] []
[INFO] [main] Thread whitelisted: Thread[ajts-to-388,5,Test-Threadgroup]
[INFO] [main] Request uninstall
[DEBUG] [main] Validated build configuration regarding trusted package rules, 0 are missing.
[INFO] [main] Request install with ASC-Impl [testMethod=Optional[void de.tum.in.test.integration.testuser.SecurityUser.useReflectionPackagePrivateExecute() throws java.lang.Throwable], executionPath=/Users/markuspaulsen/Documents/UniPHD/ChristianFemers/GIT, whitelistedPaths=Optional[[PathRule["target/{classes,test-classes}/de/tum**" (GLOB) in WHITELIST; level READ]]], blacklistedPaths=[PathRule["**Test*.{java,class}" (GLOB) in BLACKLIST; level READ]], allowedLocalPorts=[], trustedPackages=[]]
[INFO] [main] Request whitelisting: Thread[ajts-to-389,5,Test-Threadgroup] []
[INFO] [main] Thread whitelisted: Thread[ajts-to-389,5,Test-Threadgroup]
[INFO] [main] Request uninstall
[DEBUG] [main] Validated build configuration regarding trusted package rules, 0 are missing.
[INFO] [main] Request install with ASC-Impl [testMethod=Optional.empty, executionPath=/Users/markuspaulsen/Documents/UniPHD/ChristianFemers/GIT, whitelistedPaths=Optional[[PathRule["target/{classes,test-classes}/de/tum**" (GLOB) in WHITELIST; level READ]]], blacklistedPaths=[PathRule["**Test*.{java,class}" (GLOB) in BLACKLIST; level READ]], allowedLocalPorts=[], trustedPackages=[]]
[INFO] [main] Request whitelisting: Thread[ajts-to-390,5,Test-Threadgroup] []
[INFO] [main] Thread whitelisted: Thread[ajts-to-390,5,Test-Threadgroup]
[INFO] [main] Request uninstall
[DEBUG] [main] Validated build configuration regarding trusted package rules, 0 are missing.
[INFO] [main] Request install with ASC-Impl [testMethod=Optional[void de.tum.in.test.integration.testuser.SecurityUser.useReflectionPackagePrivateSetAccessible() throws java.lang.Throwable], executionPath=/Users/markuspaulsen/Documents/UniPHD/ChristianFemers/GIT, whitelistedPaths=Optional[[PathRule["target/{classes,test-classes}/de/tum**" (GLOB) in WHITELIST; level READ]]], blacklistedPaths=[PathRule["**Test*.{java,class}" (GLOB) in BLACKLIST; level READ]], allowedLocalPorts=[], trustedPackages=[]]
[INFO] [main] Request whitelisting: Thread[ajts-to-391,5,Test-Threadgroup] []
[INFO] [main] Thread whitelisted: Thread[ajts-to-391,5,Test-Threadgroup]
[WARN] [ajts-to-391] NWSFs ==> [de.tum.in.test.integration.testuser.subject.SecurityPenguin.useReflectionPackagePrivateSetAccessible(SecurityPenguin.java:176)]
[INFO] [main] Request uninstall
[DEBUG] [main] Validated build configuration regarding trusted package rules, 0 are missing.
[INFO] [main] Request install with ASC-Impl [testMethod=Optional.empty, executionPath=/Users/markuspaulsen/Documents/UniPHD/ChristianFemers/GIT, whitelistedPaths=Optional[[PathRule["target/{classes,test-classes}/de/tum**" (GLOB) in WHITELIST; level READ]]], blacklistedPaths=[PathRule["**Test*.{java,class}" (GLOB) in BLACKLIST; level READ]], allowedLocalPorts=[], trustedPackages=[]]
[INFO] [main] Request whitelisting: Thread[ajts-to-392,5,Test-Threadgroup] []
[INFO] [main] Thread whitelisted: Thread[ajts-to-392,5,Test-Threadgroup]
[INFO] [main] Request uninstall
[DEBUG] [main] Validated build configuration regarding trusted package rules, 0 are missing.
[INFO] [main] Request install with ASC-Impl [testMethod=Optional[void de.tum.in.test.integration.testuser.SecurityUser.useReflectionPrivileged()], executionPath=/Users/markuspaulsen/Documents/UniPHD/ChristianFemers/GIT, whitelistedPaths=Optional[[PathRule["target/{classes,test-classes}/de/tum**" (GLOB) in WHITELIST; level READ]]], blacklistedPaths=[PathRule["**Test*.{java,class}" (GLOB) in BLACKLIST; level READ]], allowedLocalPorts=[], trustedPackages=[]]
[INFO] [main] Request whitelisting: Thread[ajts-to-393,5,Test-Threadgroup] []
[INFO] [main] Thread whitelisted: Thread[ajts-to-393,5,Test-Threadgroup]
[WARN] [ajts-to-393] NWSFs ==> [de.tum.in.test.integration.testuser.subject.SecurityPenguin.lambda$useReflectionPrivileged$5(SecurityPenguin.java:182), de.tum.in.test.integration.testuser.subject.SecurityPenguin.useReflectionPrivileged(SecurityPenguin.java:180)]
[INFO] [main] Request uninstall
[DEBUG] [main] Validated build configuration regarding trusted package rules, 0 are missing.
[INFO] [main] Request install with ASC-Impl [testMethod=Optional.empty, executionPath=/Users/markuspaulsen/Documents/UniPHD/ChristianFemers/GIT, whitelistedPaths=Optional[[PathRule["target/{classes,test-classes}/de/tum**" (GLOB) in WHITELIST; level READ]]], blacklistedPaths=[PathRule["**Test*.{java,class}" (GLOB) in BLACKLIST; level READ]], allowedLocalPorts=[], trustedPackages=[]]
[INFO] [main] Request whitelisting: Thread[ajts-to-394,5,Test-Threadgroup] []
[INFO] [main] Thread whitelisted: Thread[ajts-to-394,5,Test-Threadgroup]
[INFO] [main] Request uninstall
[DEBUG] [main] Validated build configuration regarding trusted package rules, 0 are missing.
[INFO] [main] Request install with ASC-Impl [testMethod=Optional[void de.tum.in.test.integration.testuser.SecurityUser.useReflectionTrick() throws java.lang.Throwable], executionPath=/Users/markuspaulsen/Documents/UniPHD/ChristianFemers/GIT, whitelistedPaths=Optional[[PathRule["target/{classes,test-classes}/de/tum**" (GLOB) in WHITELIST; level READ]]], blacklistedPaths=[PathRule["**Test*.{java,class}" (GLOB) in BLACKLIST; level READ]], allowedLocalPorts=[], trustedPackages=[]]
[INFO] [main] Request whitelisting: Thread[ajts-to-395,5,Test-Threadgroup] []
[INFO] [main] Thread whitelisted: Thread[ajts-to-395,5,Test-Threadgroup]
[WARN] [Thread-1] NWSFs ==> [de.tum.in.test.api.security.ArtemisSecurityManager.getNonWhitelistedStackFrames(ArtemisSecurityManager.java:488), de.tum.in.test.api.security.ArtemisSecurityManager.getNonWhitelistedStackFrames(ArtemisSecurityManager.java:479), de.tum.in.test.api.security.ArtemisSecurityManager.checkForNonWhitelistedStackFrames(ArtemisSecurityManager.java:456), de.tum.in.test.api.security.ArtemisSecurityManager.checkPermission(ArtemisSecurityManager.java:342), java.base/java.lang.reflect.AccessibleObject.checkPermission(AccessibleObject.java:91), java.base/java.lang.reflect.Field.setAccessible(Field.java:171), org.apache.xyz.Circumvention.run(Circumvention.java:22)]
[INFO] [main] Request uninstall
[DEBUG] [main] Validated build configuration regarding trusted package rules, 0 are missing.
[INFO] [main] Request install with ASC-Impl [testMethod=Optional.empty, executionPath=/Users/markuspaulsen/Documents/UniPHD/ChristianFemers/GIT, whitelistedPaths=Optional[[PathRule["target/{classes,test-classes}/de/tum**" (GLOB) in WHITELIST; level READ]]], blacklistedPaths=[PathRule["**Test*.{java,class}" (GLOB) in BLACKLIST; level READ]], allowedLocalPorts=[], trustedPackages=[]]
[INFO] [main] Request whitelisting: Thread[ajts-to-396,5,Test-Threadgroup] []
[INFO] [main] Thread whitelisted: Thread[ajts-to-396,5,Test-Threadgroup]
[INFO] [main] Request uninstall
[DEBUG] [main] Validated build configuration regarding trusted package rules, 0 are missing.
[INFO] [main] Request install with ASC-Impl [testMethod=Optional[void de.tum.in.test.integration.testuser.SecurityUser.weUseReflection()], executionPath=/Users/markuspaulsen/Documents/UniPHD/ChristianFemers/GIT, whitelistedPaths=Optional[[PathRule["target/{classes,test-classes}/de/tum**" (GLOB) in WHITELIST; level READ]]], blacklistedPaths=[PathRule["**Test*.{java,class}" (GLOB) in BLACKLIST; level READ]], allowedLocalPorts=[], trustedPackages=[]]
[INFO] [main] Request whitelisting: Thread[ajts-to-397,5,Test-Threadgroup] []
[INFO] [main] Thread whitelisted: Thread[ajts-to-397,5,Test-Threadgroup]
[INFO] [main] Request uninstall
[DEBUG] [main] Validated build configuration regarding trusted package rules, 0 are missing.
[INFO] [main] Request install with ASC-Impl [testMethod=Optional.empty, executionPath=/Users/markuspaulsen/Documents/UniPHD/ChristianFemers/GIT, whitelistedPaths=Optional[[PathRule["target/{classes,test-classes}/de/tum**" (GLOB) in WHITELIST; level READ]]], blacklistedPaths=[PathRule["**Test*.{java,class}" (GLOB) in BLACKLIST; level READ]], allowedLocalPorts=[], trustedPackages=[]]
[INFO] [main] Request whitelisting: Thread[ajts-to-398,5,Test-Threadgroup] []
[INFO] [main] Thread whitelisted: Thread[ajts-to-398,5,Test-Threadgroup]
[INFO] [main] Request uninstall
[DEBUG] [main] Validated build configuration regarding trusted package rules, 0 are missing.
[INFO] [main] Request install with ASC-Impl [testMethod=Optional[void de.tum.in.test.integration.testuser.SecurityUser.weUseShutdownHooks()], executionPath=/Users/markuspaulsen/Documents/UniPHD/ChristianFemers/GIT, whitelistedPaths=Optional[[PathRule["target/{classes,test-classes}/de/tum**" (GLOB) in WHITELIST; level READ]]], blacklistedPaths=[PathRule["**Test*.{java,class}" (GLOB) in BLACKLIST; level READ]], allowedLocalPorts=[], trustedPackages=[]]
[INFO] [main] Request whitelisting: Thread[ajts-to-399,5,Test-Threadgroup] []
[INFO] [main] Thread whitelisted: Thread[ajts-to-399,5,Test-Threadgroup]
[INFO] [main] Request uninstall
]]></system-err>
  </testcase>
  <testcase name="test_longOutputJUnit4" classname="de.tum.in.test.integration.SecurityTest" time="0.001"/>
  <testcase name="test_longOutputJUnit5" classname="de.tum.in.test.integration.SecurityTest" time="0.001"/>
  <testcase name="test_testDefinePackage" classname="de.tum.in.test.integration.SecurityTest" time="0.001"/>
  <testcase name="test_testEvilPermission" classname="de.tum.in.test.integration.SecurityTest" time="0.001"/>
  <testcase name="test_testExecuteGit" classname="de.tum.in.test.integration.SecurityTest" time="0.001"/>
  <testcase name="test_testMaliciousExceptionA" classname="de.tum.in.test.integration.SecurityTest" time="0.001"/>
  <testcase name="test_testMaliciousExceptionB" classname="de.tum.in.test.integration.SecurityTest" time="0.001"/>
  <testcase name="test_testMaliciousInvocationTargetException" classname="de.tum.in.test.integration.SecurityTest" time="0.001"/>
  <testcase name="test_testNewClassLoader" classname="de.tum.in.test.integration.SecurityTest" time="0"/>
  <testcase name="test_testNewSecurityManager" classname="de.tum.in.test.integration.SecurityTest" time="0.001"/>
  <testcase name="test_trustedPackageWithoutEnforcerRule" classname="de.tum.in.test.integration.SecurityTest" time="0.014"/>
  <testcase name="test_tryManageProcess" classname="de.tum.in.test.integration.SecurityTest" time="0.001"/>
  <testcase name="test_trySetSecurityManager" classname="de.tum.in.test.integration.SecurityTest" time="0.001"/>
  <testcase name="test_trySetSystemOut" classname="de.tum.in.test.integration.SecurityTest" time="0.001"/>
  <testcase name="test_useCommonPoolBadNormal" classname="de.tum.in.test.integration.SecurityTest" time="0.001"/>
  <testcase name="test_useCommonPoolBadTrick" classname="de.tum.in.test.integration.SecurityTest" time="0.001"/>
  <testcase name="test_useCommonPoolGood" classname="de.tum.in.test.integration.SecurityTest" time="0.002"/>
  <testcase name="test_useReflectionNormal" classname="de.tum.in.test.integration.SecurityTest" time="0.002"/>
  <testcase name="test_useReflectionPackagePrivateExecute" classname="de.tum.in.test.integration.SecurityTest" time="0"/>
  <testcase name="test_useReflectionPackagePrivateSetAccessible" classname="de.tum.in.test.integration.SecurityTest" time="0.001"/>
  <testcase name="test_useReflectionPrivileged" classname="de.tum.in.test.integration.SecurityTest" time="0.001"/>
  <testcase name="test_useReflectionTrick" classname="de.tum.in.test.integration.SecurityTest" time="0.001"/>
  <testcase name="test_weUseReflection" classname="de.tum.in.test.integration.SecurityTest" time="0.002"/>
  <testcase name="test_weUseShutdownHooks" classname="de.tum.in.test.integration.SecurityTest" time="0.001"/>
</testsuite>