<?xml version="1.0" encoding="UTF-8"?>
<testsuite xmlns:xsi="http://www.w3.org/2001/XMLSchema-instance" xsi:noNamespaceSchemaLocation="https://maven.apache.org/surefire/maven-surefire-plugin/xsd/surefire-test-report-3.0.xsd" version="3.0" name="de.tum.in.test.integration.NetworkTest" time="2.934" tests="6" errors="0" skipped="1" failures="0">
  <properties>
    <property name="java.specification.version" value="17"/>
    <property name="sun.jnu.encoding" value="UTF-8"/>
    <property name="java.class.path" value="/Users/markuspaulsen/Documents/UniPHD/ChristianFemers/GIT/target/test-classes:/Users/markuspaulsen/Documents/UniPHD/ChristianFemers/GIT/target/classes:/Users/markuspaulsen/.m2/repository/ch/qos/logback/logback-classic/1.4.5/logback-classic-1.4.5.jar:/Users/markuspaulsen/.m2/repository/ch/qos/logback/logback-core/1.4.5/logback-core-1.4.5.jar:/Users/markuspaulsen/.m2/repository/org/slf4j/slf4j-api/2.0.4/slf4j-api-2.0.4.jar:/Users/markuspaulsen/.m2/repository/org/junit/jupiter/junit-jupiter-api/5.9.2/junit-jupiter-api-5.9.2.jar:/Users/markuspaulsen/.m2/repository/org/opentest4j/opentest4j/1.2.0/opentest4j-1.2.0.jar:/Users/markuspaulsen/.m2/repository/org/junit/platform/junit-platform-commons/1.9.2/junit-platform-commons-1.9.2.jar:/Users/markuspaulsen/.m2/repository/org/apiguardian/apiguardian-api/1.1.2/apiguardian-api-1.1.2.jar:/Users/markuspaulsen/.m2/repository/org/junit/platform/junit-platform-launcher/1.9.2/junit-platform-launcher-1.9.2.jar:/Users/markuspaulsen/.m2/repository/org/junit/platform/junit-platform-engine/1.9.2/junit-platform-engine-1.9.2.jar:/Users/markuspaulsen/.m2/repository/org/junit/jupiter/junit-jupiter-engine/5.9.2/junit-jupiter-engine-5.9.2.jar:/Users/markuspaulsen/.m2/repository/org/junit/jupiter/junit-jupiter-params/5.9.2/junit-jupiter-params-5.9.2.jar:/Users/markuspaulsen/.m2/repository/org/junit/vintage/junit-vintage-engine/5.9.2/junit-vintage-engine-5.9.2.jar:/Users/markuspaulsen/.m2/repository/junit/junit/4.13.2/junit-4.13.2.jar:/Users/markuspaulsen/.m2/repository/org/hamcrest/hamcrest-core/1.3/hamcrest-core-1.3.jar:/Users/markuspaulsen/.m2/repository/org/hamcrest/hamcrest/2.2/hamcrest-2.2.jar:/Users/markuspaulsen/.m2/repository/org/assertj/assertj-core/3.24.1/assertj-core-3.24.1.jar:/Users/markuspaulsen/.m2/repository/net/bytebuddy/byte-buddy/1.12.21/byte-buddy-1.12.21.jar:/Users/markuspaulsen/.m2/repository/org/json/json/20220924/json-20220924.jar:/Users/markuspaulsen/.m2/repository/info/debatty/java-string-similarity/2.0.0/java-string-similarity-2.0.0.jar:/Users/markuspaulsen/.m2/repository/net/jcip/jcip-annotations/1.0/jcip-annotations-1.0.jar:/Users/markuspaulsen/.m2/repository/com/github/javaparser/javaparser-core/3.24.10/javaparser-core-3.24.10.jar:/Users/markuspaulsen/.m2/repository/org/junit/platform/junit-platform-testkit/1.9.2/junit-platform-testkit-1.9.2.jar:/Users/markuspaulsen/.m2/repository/net/jqwik/jqwik/1.7.1/jqwik-1.7.1.jar:/Users/markuspaulsen/.m2/repository/net/jqwik/jqwik-api/1.7.1/jqwik-api-1.7.1.jar:/Users/markuspaulsen/.m2/repository/net/jqwik/jqwik-web/1.7.1/jqwik-web-1.7.1.jar:/Users/markuspaulsen/.m2/repository/net/jqwik/jqwik-time/1.7.1/jqwik-time-1.7.1.jar:/Users/markuspaulsen/.m2/repository/net/jqwik/jqwik-engine/1.7.1/jqwik-engine-1.7.1.jar:"/>
    <property name="java.vm.vendor" value="Amazon.com Inc."/>
    <property name="sun.arch.data.model" value="64"/>
    <property name="java.vendor.url" value="https://aws.amazon.com/corretto/"/>
    <property name="user.timezone" value="Europe/Berlin"/>
    <property name="os.name" value="Mac OS X"/>
    <property name="java.vm.specification.version" value="17"/>
    <property name="sun.java.launcher" value="SUN_STANDARD"/>
    <property name="user.country" value="DE"/>
    <property name="sun.boot.library.path" value="/Users/markuspaulsen/Library/Java/JavaVirtualMachines/corretto-17.0.3/Contents/Home/lib"/>
    <property name="sun.java.command" value="/Users/markuspaulsen/Documents/UniPHD/ChristianFemers/GIT/target/surefire/surefirebooter-20230215165707290_3.jar /Users/markuspaulsen/Documents/UniPHD/ChristianFemers/GIT/target/surefire 2023-02-15T16-57-06_749-jvmRun1 surefire-20230215165707290_1tmp surefire_0-20230215165707290_2tmp"/>
    <property name="jdk.debug" value="release"/>
    <property name="surefire.test.class.path" value="/Users/markuspaulsen/Documents/UniPHD/ChristianFemers/GIT/target/test-classes:/Users/markuspaulsen/Documents/UniPHD/ChristianFemers/GIT/target/classes:/Users/markuspaulsen/.m2/repository/ch/qos/logback/logback-classic/1.4.5/logback-classic-1.4.5.jar:/Users/markuspaulsen/.m2/repository/ch/qos/logback/logback-core/1.4.5/logback-core-1.4.5.jar:/Users/markuspaulsen/.m2/repository/org/slf4j/slf4j-api/2.0.4/slf4j-api-2.0.4.jar:/Users/markuspaulsen/.m2/repository/org/junit/jupiter/junit-jupiter-api/5.9.2/junit-jupiter-api-5.9.2.jar:/Users/markuspaulsen/.m2/repository/org/opentest4j/opentest4j/1.2.0/opentest4j-1.2.0.jar:/Users/markuspaulsen/.m2/repository/org/junit/platform/junit-platform-commons/1.9.2/junit-platform-commons-1.9.2.jar:/Users/markuspaulsen/.m2/repository/org/apiguardian/apiguardian-api/1.1.2/apiguardian-api-1.1.2.jar:/Users/markuspaulsen/.m2/repository/org/junit/platform/junit-platform-launcher/1.9.2/junit-platform-launcher-1.9.2.jar:/Users/markuspaulsen/.m2/repository/org/junit/platform/junit-platform-engine/1.9.2/junit-platform-engine-1.9.2.jar:/Users/markuspaulsen/.m2/repository/org/junit/jupiter/junit-jupiter-engine/5.9.2/junit-jupiter-engine-5.9.2.jar:/Users/markuspaulsen/.m2/repository/org/junit/jupiter/junit-jupiter-params/5.9.2/junit-jupiter-params-5.9.2.jar:/Users/markuspaulsen/.m2/repository/org/junit/vintage/junit-vintage-engine/5.9.2/junit-vintage-engine-5.9.2.jar:/Users/markuspaulsen/.m2/repository/junit/junit/4.13.2/junit-4.13.2.jar:/Users/markuspaulsen/.m2/repository/org/hamcrest/hamcrest-core/1.3/hamcrest-core-1.3.jar:/Users/markuspaulsen/.m2/repository/org/hamcrest/hamcrest/2.2/hamcrest-2.2.jar:/Users/markuspaulsen/.m2/repository/org/assertj/assertj-core/3.24.1/assertj-core-3.24.1.jar:/Users/markuspaulsen/.m2/repository/net/bytebuddy/byte-buddy/1.12.21/byte-buddy-1.12.21.jar:/Users/markuspaulsen/.m2/repository/org/json/json/20220924/json-20220924.jar:/Users/markuspaulsen/.m2/repository/info/debatty/java-string-similarity/2.0.0/java-string-similarity-2.0.0.jar:/Users/markuspaulsen/.m2/repository/net/jcip/jcip-annotations/1.0/jcip-annotations-1.0.jar:/Users/markuspaulsen/.m2/repository/com/github/javaparser/javaparser-core/3.24.10/javaparser-core-3.24.10.jar:/Users/markuspaulsen/.m2/repository/org/junit/platform/junit-platform-testkit/1.9.2/junit-platform-testkit-1.9.2.jar:/Users/markuspaulsen/.m2/repository/net/jqwik/jqwik/1.7.1/jqwik-1.7.1.jar:/Users/markuspaulsen/.m2/repository/net/jqwik/jqwik-api/1.7.1/jqwik-api-1.7.1.jar:/Users/markuspaulsen/.m2/repository/net/jqwik/jqwik-web/1.7.1/jqwik-web-1.7.1.jar:/Users/markuspaulsen/.m2/repository/net/jqwik/jqwik-time/1.7.1/jqwik-time-1.7.1.jar:/Users/markuspaulsen/.m2/repository/net/jqwik/jqwik-engine/1.7.1/jqwik-engine-1.7.1.jar:"/>
    <property name="sun.cpu.endian" value="little"/>
    <property name="user.home" value="/Users/markuspaulsen"/>
    <property name="user.language" value="de"/>
    <property name="java.specification.vendor" value="Oracle Corporation"/>
    <property name="java.version.date" value="2022-04-19"/>
    <property name="java.home" value="/Users/markuspaulsen/Library/Java/JavaVirtualMachines/corretto-17.0.3/Contents/Home"/>
    <property name="file.separator" value="/"/>
    <property name="basedir" value="/Users/markuspaulsen/Documents/UniPHD/ChristianFemers/GIT"/>
    <property name="java.vm.compressedOopsMode" value="Zero based"/>
    <property name="line.separator" value="&#10;"/>
    <property name="java.vm.specification.vendor" value="Oracle Corporation"/>
    <property name="java.specification.name" value="Java Platform API Specification"/>
    <property name="surefire.real.class.path" value="/Users/markuspaulsen/Documents/UniPHD/ChristianFemers/GIT/target/surefire/surefirebooter-20230215165707290_3.jar"/>
    <property name="sun.management.compiler" value="HotSpot 64-Bit Tiered Compilers"/>
    <property name="java.runtime.version" value="17.0.3+6-LTS"/>
    <property name="user.name" value="markuspaulsen"/>
    <property name="path.separator" value=":"/>
    <property name="os.version" value="12.6.3"/>
    <property name="java.runtime.name" value="OpenJDK Runtime Environment"/>
    <property name="file.encoding" value="UTF-8"/>
    <property name="java.vm.name" value="OpenJDK 64-Bit Server VM"/>
    <property name="java.vendor.version" value="Corretto-17.0.3.6.1"/>
    <property name="localRepository" value="/Users/markuspaulsen/.m2/repository"/>
    <property name="java.vendor.url.bug" value="https://github.com/corretto/corretto-17/issues/"/>
    <property name="java.io.tmpdir" value="/var/folders/06/zkny378x76z6fr1t669ntwm80000gn/T/"/>
    <property name="idea.version" value="2022.2.4"/>
    <property name="java.version" value="17.0.3"/>
    <property name="user.dir" value="/Users/markuspaulsen/Documents/UniPHD/ChristianFemers/GIT"/>
    <property name="os.arch" value="x86_64"/>
    <property name="java.vm.specification.name" value="Java Virtual Machine Specification"/>
    <property name="native.encoding" value="UTF-8"/>
    <property name="java.library.path" value="/Users/markuspaulsen/Library/Java/Extensions:/Library/Java/Extensions:/Network/Library/Java/Extensions:/System/Library/Java/Extensions:/usr/lib/java:."/>
    <property name="java.vm.info" value="mixed mode, sharing"/>
    <property name="java.vendor" value="Amazon.com Inc."/>
    <property name="java.vm.version" value="17.0.3+6-LTS"/>
    <property name="sun.io.unicode.encoding" value="UnicodeBig"/>
    <property name="java.class.version" value="61.0"/>
  </properties>
  <testcase name="test_connectLocallyAllowed" classname="de.tum.in.test.integration.NetworkTest" time="0.004">
    <system-err><![CDATA[[DEBUG] [main] Validated build configuration regarding trusted package rules, 0 are missing.
[INFO] [main] Request install with ASC-Impl [testMethod=Optional.empty, executionPath=/Users/markuspaulsen/Documents/UniPHD/ChristianFemers/GIT, whitelistedPaths=Optional[[PathRule["target/**" (GLOB) in WHITELIST; level READ]]], blacklistedPaths=[PathRule["**Test*.{java,class}" (GLOB) in BLACKLIST; level READ]], allowedLocalPorts=[], trustedPackages=[]]
[INFO] [main] Request whitelisting: Thread[ajts-to-207,5,Test-Threadgroup] []
[INFO] [main] Thread whitelisted: Thread[ajts-to-207,5,Test-Threadgroup]
[INFO] [ajts-to-207] Starting server...
[INFO] [ajts-to-207] Request whitelisting: Thread[server,5,system] [Thread[ajts-to-207,5,Test-Threadgroup]]
[INFO] [ajts-to-207] Thread whitelisted: Thread[server,5,system]
[INFO] [main] Request uninstall
[DEBUG] [main] Validated build configuration regarding trusted package rules, 0 are missing.
[INFO] [main] Request install with ASC-Impl [testMethod=Optional.empty, executionPath=/Users/markuspaulsen/Documents/UniPHD/ChristianFemers/GIT, whitelistedPaths=Optional[[PathRule["target/**" (GLOB) in WHITELIST; level READ]]], blacklistedPaths=[PathRule["**Test*.{java,class}" (GLOB) in BLACKLIST; level READ]], allowedLocalPorts=[], trustedPackages=[]]
[INFO] [main] Request whitelisting: Thread[ajts-to-208,5,Test-Threadgroup] []
[INFO] [main] Thread whitelisted: Thread[ajts-to-208,5,Test-Threadgroup]
[INFO] [server] Connection use request: localhost:25565 [NWSFs: 0]
[INFO] [main] Request uninstall
[DEBUG] [main] Validated build configuration regarding trusted package rules, 0 are missing.
[INFO] [main] Request install with ASC-Impl [testMethod=Optional[void de.tum.in.test.integration.testuser.NetworkUser.connectLocallyAllowed(java.lang.String) throws java.lang.Exception], executionPath=/Users/markuspaulsen/Documents/UniPHD/ChristianFemers/GIT, whitelistedPaths=Optional[[PathRule["target/**" (GLOB) in WHITELIST; level READ]]], blacklistedPaths=[PathRule["**Test*.{java,class}" (GLOB) in BLACKLIST; level READ]], allowedLocalPorts=[25565], trustedPackages=[]]
[INFO] [main] Request whitelisting: Thread[ajts-to-209,5,Test-Threadgroup] []
[INFO] [main] Thread whitelisted: Thread[ajts-to-209,5,Test-Threadgroup]
[INFO] [server] Waiting for connection on port 25565
[INFO] [ajts-to-209] Connection use request: localhost:-1 [NWSFs: 3]
[INFO] [ajts-to-209] Connection use request: 127.0.0.1:25565 [NWSFs: 3]
[INFO] [ajts-to-209] Connection use request: 127.0.0.1:25565 [NWSFs: 3]
[INFO] [server] Connection use request: 127.0.0.1:54585 [NWSFs: 0]
[INFO] [server] Waiting for connection on port 25565
[INFO] [main] Request uninstall
[DEBUG] [main] Validated build configuration regarding trusted package rules, 0 are missing.
[INFO] [main] Request install with ASC-Impl [testMethod=Optional.empty, executionPath=/Users/markuspaulsen/Documents/UniPHD/ChristianFemers/GIT, whitelistedPaths=Optional[[PathRule["target/**" (GLOB) in WHITELIST; level READ]]], blacklistedPaths=[PathRule["**Test*.{java,class}" (GLOB) in BLACKLIST; level READ]], allowedLocalPorts=[], trustedPackages=[]]
[INFO] [main] Request whitelisting: Thread[ajts-to-210,5,Test-Threadgroup] []
[INFO] [main] Thread whitelisted: Thread[ajts-to-210,5,Test-Threadgroup]
[INFO] [main] Request uninstall
[INFO] [server] Waiting for connection on port 25565
[DEBUG] [main] Validated build configuration regarding trusted package rules, 0 are missing.
[INFO] [main] Request install with ASC-Impl [testMethod=Optional[void de.tum.in.test.integration.testuser.NetworkUser.connectLocallyAllowed(java.lang.String) throws java.lang.Exception], executionPath=/Users/markuspaulsen/Documents/UniPHD/ChristianFemers/GIT, whitelistedPaths=Optional[[PathRule["target/**" (GLOB) in WHITELIST; level READ]]], blacklistedPaths=[PathRule["**Test*.{java,class}" (GLOB) in BLACKLIST; level READ]], allowedLocalPorts=[25565], trustedPackages=[]]
[INFO] [main] Request whitelisting: Thread[ajts-to-211,5,Test-Threadgroup] []
[INFO] [main] Thread whitelisted: Thread[ajts-to-211,5,Test-Threadgroup]
[INFO] [ajts-to-211] Connection use request: 127.0.0.1:25565 [NWSFs: 3]
[INFO] [ajts-to-211] Connection use request: 127.0.0.1:25565 [NWSFs: 3]
[INFO] [server] Connection use request: 127.0.0.1:54586 [NWSFs: 0]
[INFO] [server] Waiting for connection on port 25565
[INFO] [main] Request uninstall
[INFO] [server] Waiting for connection on port 25565
[DEBUG] [main] Validated build configuration regarding trusted package rules, 0 are missing.
[INFO] [main] Request install with ASC-Impl [testMethod=Optional.empty, executionPath=/Users/markuspaulsen/Documents/UniPHD/ChristianFemers/GIT, whitelistedPaths=Optional[[PathRule["target/**" (GLOB) in WHITELIST; level READ]]], blacklistedPaths=[PathRule["**Test*.{java,class}" (GLOB) in BLACKLIST; level READ]], allowedLocalPorts=[], trustedPackages=[]]
[INFO] [main] Request whitelisting: Thread[ajts-to-212,5,Test-Threadgroup] []
[INFO] [main] Thread whitelisted: Thread[ajts-to-212,5,Test-Threadgroup]
[INFO] [main] Request uninstall
[DEBUG] [main] Validated build configuration regarding trusted package rules, 0 are missing.
[INFO] [main] Request install with ASC-Impl [testMethod=Optional[void de.tum.in.test.integration.testuser.NetworkUser.connectLocallyAllowed(java.lang.String) throws java.lang.Exception], executionPath=/Users/markuspaulsen/Documents/UniPHD/ChristianFemers/GIT, whitelistedPaths=Optional[[PathRule["target/**" (GLOB) in WHITELIST; level READ]]], blacklistedPaths=[PathRule["**Test*.{java,class}" (GLOB) in BLACKLIST; level READ]], allowedLocalPorts=[25565], trustedPackages=[]]
[INFO] [main] Request whitelisting: Thread[ajts-to-213,5,Test-Threadgroup] []
[INFO] [main] Thread whitelisted: Thread[ajts-to-213,5,Test-Threadgroup]
[INFO] [ajts-to-213] Connection use request: 0:0:0:0:0:0:0:1:25565 [NWSFs: 3]
[INFO] [ajts-to-213] Connection use request: 0:0:0:0:0:0:0:1:25565 [NWSFs: 3]
[INFO] [server] Connection use request: 0:0:0:0:0:0:0:1:54587 [NWSFs: 0]
[INFO] [server] Waiting for connection on port 25565
[INFO] [main] Request uninstall
[DEBUG] [main] Validated build configuration regarding trusted package rules, 0 are missing.
[INFO] [main] Request install with ASC-Impl [testMethod=Optional.empty, executionPath=/Users/markuspaulsen/Documents/UniPHD/ChristianFemers/GIT, whitelistedPaths=Optional[[PathRule["target/**" (GLOB) in WHITELIST; level READ]]], blacklistedPaths=[PathRule["**Test*.{java,class}" (GLOB) in BLACKLIST; level READ]], allowedLocalPorts=[], trustedPackages=[]]
[INFO] [main] Request whitelisting: Thread[ajts-to-214,5,Test-Threadgroup] []
[INFO] [main] Thread whitelisted: Thread[ajts-to-214,5,Test-Threadgroup]
[INFO] [main] Request uninstall
[INFO] [server] Waiting for connection on port 25565
[DEBUG] [main] Validated build configuration regarding trusted package rules, 0 are missing.
[INFO] [main] Request install with ASC-Impl [testMethod=Optional[void de.tum.in.test.integration.testuser.NetworkUser.connectLocallyNotAllowed(int) throws java.lang.Exception], executionPath=/Users/markuspaulsen/Documents/UniPHD/ChristianFemers/GIT, whitelistedPaths=Optional[[PathRule["target/**" (GLOB) in WHITELIST; level READ]]], blacklistedPaths=[PathRule["**Test*.{java,class}" (GLOB) in BLACKLIST; level READ]], allowedLocalPorts=[25565], trustedPackages=[]]
[INFO] [main] Request whitelisting: Thread[ajts-to-215,5,Test-Threadgroup] []
[INFO] [main] Thread whitelisted: Thread[ajts-to-215,5,Test-Threadgroup]
[INFO] [ajts-to-215] Connection use request: localhost:-1 [NWSFs: 3]
[INFO] [ajts-to-215] Connection use request: 127.0.0.1:22 [NWSFs: 3]
[INFO] [main] Request uninstall
[DEBUG] [main] Validated build configuration regarding trusted package rules, 0 are missing.
[INFO] [main] Request install with ASC-Impl [testMethod=Optional.empty, executionPath=/Users/markuspaulsen/Documents/UniPHD/ChristianFemers/GIT, whitelistedPaths=Optional[[PathRule["target/**" (GLOB) in WHITELIST; level READ]]], blacklistedPaths=[PathRule["**Test*.{java,class}" (GLOB) in BLACKLIST; level READ]], allowedLocalPorts=[], trustedPackages=[]]
[INFO] [main] Request whitelisting: Thread[ajts-to-216,5,Test-Threadgroup] []
[INFO] [main] Thread whitelisted: Thread[ajts-to-216,5,Test-Threadgroup]
[INFO] [main] Request uninstall
[INFO] [server] Waiting for connection on port 25565
[DEBUG] [main] Validated build configuration regarding trusted package rules, 0 are missing.
[INFO] [main] Request install with ASC-Impl [testMethod=Optional[void de.tum.in.test.integration.testuser.NetworkUser.connectLocallyNotAllowed(int) throws java.lang.Exception], executionPath=/Users/markuspaulsen/Documents/UniPHD/ChristianFemers/GIT, whitelistedPaths=Optional[[PathRule["target/**" (GLOB) in WHITELIST; level READ]]], blacklistedPaths=[PathRule["**Test*.{java,class}" (GLOB) in BLACKLIST; level READ]], allowedLocalPorts=[25565], trustedPackages=[]]
[INFO] [main] Request whitelisting: Thread[ajts-to-217,5,Test-Threadgroup] []
[INFO] [main] Thread whitelisted: Thread[ajts-to-217,5,Test-Threadgroup]
[INFO] [ajts-to-217] Connection use request: localhost:-1 [NWSFs: 3]
[INFO] [ajts-to-217] Connection use request: 127.0.0.1:80 [NWSFs: 3]
[INFO] [main] Request uninstall
[INFO] [server] Waiting for connection on port 25565
[DEBUG] [main] Validated build configuration regarding trusted package rules, 0 are missing.
[INFO] [main] Request install with ASC-Impl [testMethod=Optional.empty, executionPath=/Users/markuspaulsen/Documents/UniPHD/ChristianFemers/GIT, whitelistedPaths=Optional[[PathRule["target/**" (GLOB) in WHITELIST; level READ]]], blacklistedPaths=[PathRule["**Test*.{java,class}" (GLOB) in BLACKLIST; level READ]], allowedLocalPorts=[], trustedPackages=[]]
[INFO] [main] Request whitelisting: Thread[ajts-to-218,5,Test-Threadgroup] []
[INFO] [main] Thread whitelisted: Thread[ajts-to-218,5,Test-Threadgroup]
[INFO] [main] Request uninstall
[INFO] [server] Waiting for connection on port 25565
[DEBUG] [main] Validated build configuration regarding trusted package rules, 0 are missing.
[INFO] [main] Request install with ASC-Impl [testMethod=Optional[void de.tum.in.test.integration.testuser.NetworkUser.connectRemoteNotAllowed() throws java.lang.Exception], executionPath=/Users/markuspaulsen/Documents/UniPHD/ChristianFemers/GIT, whitelistedPaths=Optional[[PathRule["target/**" (GLOB) in WHITELIST; level READ]]], blacklistedPaths=[PathRule["**Test*.{java,class}" (GLOB) in BLACKLIST; level READ]], allowedLocalPorts=[80], trustedPackages=[]]
[INFO] [main] Request whitelisting: Thread[ajts-to-219,5,Test-Threadgroup] []
[INFO] [main] Thread whitelisted: Thread[ajts-to-219,5,Test-Threadgroup]
[INFO] [ajts-to-219] Connection use request: example.com:-1 [NWSFs: 3]
[INFO] [main] Request uninstall
[INFO] [server] Waiting for connection on port 25565
[DEBUG] [main] Validated build configuration regarding trusted package rules, 0 are missing.
[INFO] [main] Request install with ASC-Impl [testMethod=Optional.empty, executionPath=/Users/markuspaulsen/Documents/UniPHD/ChristianFemers/GIT, whitelistedPaths=Optional[[PathRule["target/**" (GLOB) in WHITELIST; level READ]]], blacklistedPaths=[PathRule["**Test*.{java,class}" (GLOB) in BLACKLIST; level READ]], allowedLocalPorts=[], trustedPackages=[]]
[INFO] [main] Request whitelisting: Thread[ajts-to-220,5,Test-Threadgroup] []
[INFO] [main] Thread whitelisted: Thread[ajts-to-220,5,Test-Threadgroup]
[INFO] [main] Request uninstall
[DEBUG] [main] Validated build configuration regarding trusted package rules, 0 are missing.
[INFO] [main] Request install with ASC-Impl [testMethod=Optional[void de.tum.in.test.integration.testuser.NetworkUser.serverAllowedAndAccept() throws java.lang.Throwable], executionPath=/Users/markuspaulsen/Documents/UniPHD/ChristianFemers/GIT, whitelistedPaths=Optional[[PathRule["target/**" (GLOB) in WHITELIST; level READ]]], blacklistedPaths=[PathRule["**Test*.{java,class}" (GLOB) in BLACKLIST; level READ]], allowedLocalPorts=[], trustedPackages=[]]
[INFO] [main] Request whitelisting: Thread[ajts-to-221,5,Test-Threadgroup] []
[INFO] [main] Thread whitelisted: Thread[ajts-to-221,5,Test-Threadgroup]
[INFO] [ajts-to-221] Request whitelisting: Thread[server-45458,5,system] [Thread[ajts-to-221,5,Test-Threadgroup]]
[INFO] [ajts-to-221] Thread whitelisted: Thread[server-45458,5,system]
[INFO] [ajts-to-221] Connection use request: localhost:-1 [NWSFs: 0]
[INFO] [server-45458] Connection use request: localhost:45458 [NWSFs: 1]
[INFO] [ajts-to-221] Connection use request: 127.0.0.1:45458 [NWSFs: 0]
[INFO] [ajts-to-221] Connection use request: 127.0.0.1:45458 [NWSFs: 0]
[INFO] [server-45458] Connection use request: 127.0.0.1:54588 [NWSFs: 2]
[INFO] [main] Request uninstall
[INFO] [server] Waiting for connection on port 25565
[DEBUG] [main] Validated build configuration regarding trusted package rules, 0 are missing.
[INFO] [main] Request install with ASC-Impl [testMethod=Optional.empty, executionPath=/Users/markuspaulsen/Documents/UniPHD/ChristianFemers/GIT, whitelistedPaths=Optional[[PathRule["target/**" (GLOB) in WHITELIST; level READ]]], blacklistedPaths=[PathRule["**Test*.{java,class}" (GLOB) in BLACKLIST; level READ]], allowedLocalPorts=[], trustedPackages=[]]
[INFO] [main] Request whitelisting: Thread[ajts-to-222,5,Test-Threadgroup] []
[INFO] [main] Thread whitelisted: Thread[ajts-to-222,5,Test-Threadgroup]
[INFO] [main] Request uninstall
[INFO] [server] Waiting for connection on port 25565
[DEBUG] [main] Validated build configuration regarding trusted package rules, 0 are missing.
[INFO] [main] Request install with ASC-Impl [testMethod=Optional[void de.tum.in.test.integration.testuser.NetworkUser.serverAllowedAndTimeout() throws java.lang.Exception], executionPath=/Users/markuspaulsen/Documents/UniPHD/ChristianFemers/GIT, whitelistedPaths=Optional[[PathRule["target/**" (GLOB) in WHITELIST; level READ]]], blacklistedPaths=[PathRule["**Test*.{java,class}" (GLOB) in BLACKLIST; level READ]], allowedLocalPorts=[8083], trustedPackages=[]]
[INFO] [main] Request whitelisting: Thread[ajts-to-223,5,Test-Threadgroup] []
[INFO] [main] Thread whitelisted: Thread[ajts-to-223,5,Test-Threadgroup]
[INFO] [ajts-to-223] Connection use request: localhost:8083 [NWSFs: 1]
[INFO] [server] Waiting for connection on port 25565
[INFO] [server] Waiting for connection on port 25565
[INFO] [server] Waiting for connection on port 25565
[INFO] [server] Waiting for connection on port 25565
[INFO] [server] Waiting for connection on port 25565
[INFO] [server] Waiting for connection on port 25565
[INFO] [server] Waiting for connection on port 25565
[INFO] [server] Waiting for connection on port 25565
[INFO] [server] Waiting for connection on port 25565
[INFO] [server] Waiting for connection on port 25565
[INFO] [server] Waiting for connection on port 25565
[INFO] [server] Waiting for connection on port 25565
[INFO] [server] Waiting for connection on port 25565
[INFO] [server] Waiting for connection on port 25565
[INFO] [server] Waiting for connection on port 25565
[INFO] [server] Waiting for connection on port 25565
[INFO] [server] Waiting for connection on port 25565
[INFO] [server] Waiting for connection on port 25565
[INFO] [server] Waiting for connection on port 25565
[INFO] [server] Waiting for connection on port 25565
[INFO] [server] Waiting for connection on port 25565
[INFO] [server] Waiting for connection on port 25565
[INFO] [server] Waiting for connection on port 25565
[INFO] [server] Waiting for connection on port 25565
[INFO] [server] Waiting for connection on port 25565
[INFO] [server] Waiting for connection on port 25565
[INFO] [server] Waiting for connection on port 25565
[INFO] [server] Waiting for connection on port 25565
[INFO] [server] Waiting for connection on port 25565
[INFO] [server] Waiting for connection on port 25565
[INFO] [server] Waiting for connection on port 25565
[INFO] [server] Waiting for connection on port 25565
[INFO] [server] Waiting for connection on port 25565
[INFO] [server] Waiting for connection on port 25565
[INFO] [server] Waiting for connection on port 25565
[INFO] [server] Waiting for connection on port 25565
[INFO] [server] Waiting for connection on port 25565
[INFO] [server] Waiting for connection on port 25565
[INFO] [server] Waiting for connection on port 25565
[INFO] [server] Waiting for connection on port 25565
[INFO] [main] Request uninstall
[DEBUG] [main] Validated build configuration regarding trusted package rules, 0 are missing.
[INFO] [main] Request install with ASC-Impl [testMethod=Optional.empty, executionPath=/Users/markuspaulsen/Documents/UniPHD/ChristianFemers/GIT, whitelistedPaths=Optional[[PathRule["target/**" (GLOB) in WHITELIST; level READ]]], blacklistedPaths=[PathRule["**Test*.{java,class}" (GLOB) in BLACKLIST; level READ]], allowedLocalPorts=[], trustedPackages=[]]
[INFO] [main] Request whitelisting: Thread[ajts-to-224,5,Test-Threadgroup] []
[INFO] [main] Thread whitelisted: Thread[ajts-to-224,5,Test-Threadgroup]
[INFO] [main] Request uninstall
[INFO] [server] Waiting for connection on port 25565
[DEBUG] [main] Validated build configuration regarding trusted package rules, 0 are missing.
[INFO] [main] Request install with ASC-Impl [testMethod=Optional[void de.tum.in.test.integration.testuser.NetworkUser.serverNotAllowed() throws java.lang.Exception], executionPath=/Users/markuspaulsen/Documents/UniPHD/ChristianFemers/GIT, whitelistedPaths=Optional[[PathRule["target/**" (GLOB) in WHITELIST; level READ]]], blacklistedPaths=[PathRule["**Test*.{java,class}" (GLOB) in BLACKLIST; level READ]], allowedLocalPorts=[], trustedPackages=[]]
[INFO] [main] Request whitelisting: Thread[ajts-to-225,5,Test-Threadgroup] []
[INFO] [main] Thread whitelisted: Thread[ajts-to-225,5,Test-Threadgroup]
[INFO] [ajts-to-225] Connection use request: localhost:80 [NWSFs: 1]
[INFO] [main] Request uninstall
[DEBUG] [main] Validated build configuration regarding trusted package rules, 0 are missing.
[INFO] [main] Request install with ASC-Impl [testMethod=Optional.empty, executionPath=/Users/markuspaulsen/Documents/UniPHD/ChristianFemers/GIT, whitelistedPaths=Optional[[PathRule["target/**" (GLOB) in WHITELIST; level READ]]], blacklistedPaths=[PathRule["**Test*.{java,class}" (GLOB) in BLACKLIST; level READ]], allowedLocalPorts=[], trustedPackages=[]]
[INFO] [main] Request whitelisting: Thread[ajts-to-226,5,Test-Threadgroup] []
[INFO] [main] Thread whitelisted: Thread[ajts-to-226,5,Test-Threadgroup]
[INFO] [ajts-to-226] Stopping server...
[INFO] [main] Request uninstall
]]></system-err>
  </testcase>
  <testcase name="test_connectLocallyNotAllowed" classname="de.tum.in.test.integration.NetworkTest" time="0.002"/>
  <testcase name="test_connectRemoteNotAllowed" classname="de.tum.in.test.integration.NetworkTest" time="0.001"/>
  <testcase name="test_serverAllowedAndAccept" classname="de.tum.in.test.integration.NetworkTest" time="0">
    <skipped message="Does currently not work on the CI system for some reason"/>
  </testcase>
  <testcase name="test_serverAllowedAndTimeout" classname="de.tum.in.test.integration.NetworkTest" time="0.001"/>
  <testcase name="test_serverNotAllowed" classname="de.tum.in.test.integration.NetworkTest" time="0.004"/>
</testsuite>